{"/home/travis/build/npmtest/node-npmtest-wunderline/test.js":{"path":"/home/travis/build/npmtest/node-npmtest-wunderline/test.js","s":{"1":2,"2":2,"3":2,"4":2,"5":2,"6":2,"7":2,"8":1,"9":2,"10":2,"11":1,"12":1,"13":1,"14":1,"15":2,"16":2,"17":2,"18":2,"19":1,"20":1,"21":2,"22":2,"23":2,"24":1,"25":1,"26":1,"27":1,"28":1,"29":1,"30":1,"31":1,"32":1,"33":1,"34":1,"35":1,"36":1,"37":1,"38":1,"39":2,"40":2,"41":1,"42":2,"43":2,"44":1,"45":2,"46":2,"47":1,"48":2,"49":2,"50":1,"51":1,"52":1,"53":1,"54":1},"b":{"1":[2,1,1,1],"2":[1,1,1,1],"3":[1,1],"4":[1,1],"5":[1,1],"6":[1,1],"7":[1,1],"8":[1,1],"9":[1,1],"10":[1,1,1],"11":[1,1],"12":[1,1],"13":[1,1],"14":[1,1],"15":[1,1],"16":[1,1],"17":[1,1]},"f":{"1":2,"2":2,"3":2,"4":2,"5":2,"6":1,"7":1,"8":1,"9":2,"10":2,"11":2,"12":2,"13":1},"fnMap":{"1":{"name":"(anonymous_1)","line":12,"loc":{"start":{"line":12,"column":1},"end":{"line":12,"column":13}}},"2":{"name":"(anonymous_2)","line":19,"loc":{"start":{"line":19,"column":5},"end":{"line":19,"column":17}}},"3":{"name":"(anonymous_3)","line":23,"loc":{"start":{"line":23,"column":24},"end":{"line":23,"column":36}}},"4":{"name":"(anonymous_4)","line":61,"loc":{"start":{"line":61,"column":5},"end":{"line":61,"column":17}}},"5":{"name":"(anonymous_5)","line":82,"loc":{"start":{"line":82,"column":5},"end":{"line":82,"column":17}}},"6":{"name":"(anonymous_6)","line":91,"loc":{"start":{"line":91,"column":77},"end":{"line":94,"column":10}}},"7":{"name":"(anonymous_7)","line":112,"loc":{"start":{"line":112,"column":83},"end":{"line":115,"column":10}},"skip":true},"8":{"name":"(anonymous_8)","line":123,"loc":{"start":{"line":123,"column":77},"end":{"line":126,"column":10}},"skip":true},"9":{"name":"(anonymous_9)","line":139,"loc":{"start":{"line":139,"column":12},"end":{"line":139,"column":40}},"skip":true},"10":{"name":"(anonymous_10)","line":147,"loc":{"start":{"line":147,"column":77},"end":{"line":150,"column":10}},"skip":true},"11":{"name":"(anonymous_11)","line":158,"loc":{"start":{"line":158,"column":83},"end":{"line":161,"column":10}},"skip":true},"12":{"name":"(anonymous_12)","line":169,"loc":{"start":{"line":169,"column":79},"end":{"line":172,"column":10}},"skip":true},"13":{"name":"(anonymous_13)","line":180,"loc":{"start":{"line":180,"column":75},"end":{"line":183,"column":10}},"skip":true}},"statementMap":{"1":{"start":{"line":12,"column":0},"end":{"line":195,"column":5}},"2":{"start":{"line":14,"column":4},"end":{"line":14,"column":14}},"3":{"start":{"line":19,"column":4},"end":{"line":56,"column":9}},"4":{"start":{"line":21,"column":8},"end":{"line":21,"column":19}},"5":{"start":{"line":23,"column":8},"end":{"line":35,"column":13}},"6":{"start":{"line":24,"column":12},"end":{"line":34,"column":13}},"7":{"start":{"line":25,"column":16},"end":{"line":28,"column":30}},"8":{"start":{"line":30,"column":16},"end":{"line":33,"column":27}},"9":{"start":{"line":37,"column":8},"end":{"line":39,"column":21}},"10":{"start":{"line":40,"column":8},"end":{"line":53,"column":9}},"11":{"start":{"line":43,"column":12},"end":{"line":46,"column":14}},"12":{"start":{"line":47,"column":12},"end":{"line":47,"column":18}},"13":{"start":{"line":50,"column":12},"end":{"line":51,"column":46}},"14":{"start":{"line":52,"column":12},"end":{"line":52,"column":18}},"15":{"start":{"line":55,"column":8},"end":{"line":55,"column":35}},"16":{"start":{"line":61,"column":4},"end":{"line":63,"column":9}},"17":{"start":{"line":62,"column":8},"end":{"line":62,"column":15}},"18":{"start":{"line":64,"column":4},"end":{"line":77,"column":5}},"19":{"start":{"line":70,"column":8},"end":{"line":70,"column":14}},"20":{"start":{"line":76,"column":8},"end":{"line":76,"column":14}},"21":{"start":{"line":82,"column":4},"end":{"line":84,"column":9}},"22":{"start":{"line":83,"column":8},"end":{"line":83,"column":15}},"23":{"start":{"line":85,"column":4},"end":{"line":194,"column":5}},"24":{"start":{"line":91,"column":8},"end":{"line":99,"column":10}},"25":{"start":{"line":98,"column":12},"end":{"line":98,"column":35}},"26":{"start":{"line":102,"column":8},"end":{"line":104,"column":63}},"27":{"start":{"line":105,"column":8},"end":{"line":105,"column":14}},"28":{"start":{"line":112,"column":8},"end":{"line":121,"column":10},"skip":true},"29":{"start":{"line":119,"column":12},"end":{"line":119,"column":55},"skip":true},"30":{"start":{"line":120,"column":12},"end":{"line":120,"column":48},"skip":true},"31":{"start":{"line":123,"column":8},"end":{"line":136,"column":10},"skip":true},"32":{"start":{"line":130,"column":12},"end":{"line":130,"column":76},"skip":true},"33":{"start":{"line":131,"column":12},"end":{"line":131,"column":73},"skip":true},"34":{"start":{"line":132,"column":12},"end":{"line":132,"column":74},"skip":true},"35":{"start":{"line":133,"column":12},"end":{"line":133,"column":79},"skip":true},"36":{"start":{"line":134,"column":12},"end":{"line":134,"column":25},"skip":true},"37":{"start":{"line":135,"column":12},"end":{"line":135,"column":45},"skip":true},"38":{"start":{"line":138,"column":8},"end":{"line":145,"column":14},"skip":true},"39":{"start":{"line":143,"column":16},"end":{"line":143,"column":29},"skip":true},"40":{"start":{"line":144,"column":16},"end":{"line":144,"column":55},"skip":true},"41":{"start":{"line":147,"column":8},"end":{"line":156,"column":10},"skip":true},"42":{"start":{"line":154,"column":12},"end":{"line":154,"column":25},"skip":true},"43":{"start":{"line":155,"column":12},"end":{"line":155,"column":45},"skip":true},"44":{"start":{"line":158,"column":8},"end":{"line":167,"column":10},"skip":true},"45":{"start":{"line":165,"column":12},"end":{"line":165,"column":25},"skip":true},"46":{"start":{"line":166,"column":12},"end":{"line":166,"column":48},"skip":true},"47":{"start":{"line":169,"column":8},"end":{"line":178,"column":10},"skip":true},"48":{"start":{"line":176,"column":12},"end":{"line":176,"column":25},"skip":true},"49":{"start":{"line":177,"column":12},"end":{"line":177,"column":46},"skip":true},"50":{"start":{"line":180,"column":8},"end":{"line":189,"column":10},"skip":true},"51":{"start":{"line":187,"column":12},"end":{"line":187,"column":94},"skip":true},"52":{"start":{"line":188,"column":12},"end":{"line":188,"column":48},"skip":true},"53":{"start":{"line":192,"column":8},"end":{"line":192,"column":35},"skip":true},"54":{"start":{"line":193,"column":8},"end":{"line":193,"column":14},"skip":true}},"branchMap":{"1":{"line":25,"type":"binary-expr","locations":[{"start":{"line":25,"column":23},"end":{"line":25,"column":62}},{"start":{"line":26,"column":20},"end":{"line":26,"column":70}},{"start":{"line":27,"column":20},"end":{"line":27,"column":71}},{"start":{"line":28,"column":20},"end":{"line":28,"column":29}}]},"2":{"line":30,"type":"binary-expr","locations":[{"start":{"line":30,"column":23},"end":{"line":30,"column":37}},{"start":{"line":31,"column":20},"end":{"line":31,"column":61}},{"start":{"line":32,"column":20},"end":{"line":32,"column":70}},{"start":{"line":33,"column":20},"end":{"line":33,"column":26}}]},"3":{"line":37,"type":"cond-expr","locations":[{"start":{"line":38,"column":14},"end":{"line":38,"column":20}},{"start":{"line":39,"column":14},"end":{"line":39,"column":20}}]},"4":{"line":40,"type":"switch","locations":[{"start":{"line":42,"column":8},"end":{"line":47,"column":18}},{"start":{"line":49,"column":8},"end":{"line":52,"column":18}}]},"5":{"line":44,"type":"binary-expr","locations":[{"start":{"line":44,"column":16},"end":{"line":44,"column":44}},{"start":{"line":44,"column":48},"end":{"line":44,"column":66}}]},"6":{"line":50,"type":"binary-expr","locations":[{"start":{"line":50,"column":21},"end":{"line":50,"column":49}},{"start":{"line":50,"column":53},"end":{"line":50,"column":72}}]},"7":{"line":64,"type":"switch","locations":[{"start":{"line":69,"column":4},"end":{"line":70,"column":14}},{"start":{"line":75,"column":4},"end":{"line":76,"column":14}}]},"8":{"line":85,"type":"switch","locations":[{"start":{"line":90,"column":4},"end":{"line":105,"column":14}},{"start":{"line":111,"column":4},"end":{"line":193,"column":14},"skip":true}]},"9":{"line":91,"type":"binary-expr","locations":[{"start":{"line":91,"column":42},"end":{"line":91,"column":73}},{"start":{"line":91,"column":77},"end":{"line":99,"column":9}}]},"10":{"line":102,"type":"binary-expr","locations":[{"start":{"line":102,"column":18},"end":{"line":102,"column":32}},{"start":{"line":103,"column":12},"end":{"line":103,"column":53}},{"start":{"line":104,"column":12},"end":{"line":104,"column":61}}]},"11":{"line":112,"type":"binary-expr","locations":[{"start":{"line":112,"column":45},"end":{"line":112,"column":79},"skip":true},{"start":{"line":112,"column":83},"end":{"line":121,"column":9},"skip":true}]},"12":{"line":123,"type":"binary-expr","locations":[{"start":{"line":123,"column":42},"end":{"line":123,"column":73},"skip":true},{"start":{"line":123,"column":77},"end":{"line":136,"column":9},"skip":true}]},"13":{"line":138,"type":"binary-expr","locations":[{"start":{"line":138,"column":48},"end":{"line":138,"column":85},"skip":true},{"start":{"line":139,"column":12},"end":{"line":145,"column":13},"skip":true}]},"14":{"line":147,"type":"binary-expr","locations":[{"start":{"line":147,"column":42},"end":{"line":147,"column":73},"skip":true},{"start":{"line":147,"column":77},"end":{"line":156,"column":9},"skip":true}]},"15":{"line":158,"type":"binary-expr","locations":[{"start":{"line":158,"column":45},"end":{"line":158,"column":79},"skip":true},{"start":{"line":158,"column":83},"end":{"line":167,"column":9},"skip":true}]},"16":{"line":169,"type":"binary-expr","locations":[{"start":{"line":169,"column":43},"end":{"line":169,"column":75},"skip":true},{"start":{"line":169,"column":79},"end":{"line":178,"column":9},"skip":true}]},"17":{"line":180,"type":"binary-expr","locations":[{"start":{"line":180,"column":41},"end":{"line":180,"column":71},"skip":true},{"start":{"line":180,"column":75},"end":{"line":189,"column":9},"skip":true}]}},"code":["/* istanbul instrument in package npmtest_wunderline */","/*jslint","    bitwise: true,","    browser: true,","    maxerr: 8,","    maxlen: 96,","    node: true,","    nomen: true,","    regexp: true,","    stupid: true","*/","(function () {","    'use strict';","    var local;","","","","    // run shared js-env code - pre-init","    (function () {","        // init local","        local = {};","        // init modeJs","        local.modeJs = (function () {","            try {","                return typeof navigator.userAgent === 'string' &&","                    typeof document.querySelector('body') === 'object' &&","                    typeof XMLHttpRequest.prototype.open === 'function' &&","                    'browser';","            } catch (errorCaughtBrowser) {","                return module.exports &&","                    typeof process.versions.node === 'string' &&","                    typeof require('http').createServer === 'function' &&","                    'node';","            }","        }());","        // init global","        local.global = local.modeJs === 'browser'","            ? window","            : global;","        switch (local.modeJs) {","        // re-init local from window.local","        case 'browser':","            local = local.global.utility2.objectSetDefault(","                local.global.utility2_rollup || local.global.local,","                local.global.utility2","            );","            break;","        // re-init local from example.js","        case 'node':","            local = (local.global.utility2_rollup || require('utility2'))","                .requireExampleJsFromReadme();","            break;","        }","        // export local","        local.global.local = local;","    }());","","","","    // run shared js-env code - function","    (function () {","        return;","    }());","    switch (local.modeJs) {","","","","    // run browser js-env code - function","    case 'browser':","        break;","","","","    // run node js-env code - function","    case 'node':","        break;","    }","","","","    // run shared js-env code - post-init","    (function () {","        return;","    }());","    switch (local.modeJs) {","","","","    // run browser js-env code - post-init","    case 'browser':","        local.testCase_browser_nullCase = local.testCase_browser_nullCase || function (","            options,","            onError","        ) {","        /*","         * this function will test browsers's null-case handling-behavior-behavior","         */","            onError(null, options);","        };","","        // run tests","        local.nop(local.modeTest &&","            document.querySelector('#testRunButton1') &&","            document.querySelector('#testRunButton1').click());","        break;","","","","    // run node js-env code - post-init","    /* istanbul ignore next */","    case 'node':","        local.testCase_buildApidoc_default = local.testCase_buildApidoc_default || function (","            options,","            onError","        ) {","        /*","         * this function will test buildApidoc's default handling-behavior-behavior","         */","            options = { modulePathList: module.paths };","            local.buildApidoc(options, onError);","        };","","        local.testCase_buildApp_default = local.testCase_buildApp_default || function (","            options,","            onError","        ) {","        /*","         * this function will test buildApp's default handling-behavior-behavior","         */","            local.testCase_buildReadme_default(options, local.onErrorThrow);","            local.testCase_buildLib_default(options, local.onErrorThrow);","            local.testCase_buildTest_default(options, local.onErrorThrow);","            local.testCase_buildCustomOrg_default(options, local.onErrorThrow);","            options = [];","            local.buildApp(options, onError);","        };","","        local.testCase_buildCustomOrg_default = local.testCase_buildCustomOrg_default ||","            function (options, onError) {","            /*","             * this function will test buildCustomOrg's default handling-behavior","             */","                options = {};","                local.buildCustomOrg(options, onError);","            };","","        local.testCase_buildLib_default = local.testCase_buildLib_default || function (","            options,","            onError","        ) {","        /*","         * this function will test buildLib's default handling-behavior","         */","            options = {};","            local.buildLib(options, onError);","        };","","        local.testCase_buildReadme_default = local.testCase_buildReadme_default || function (","            options,","            onError","        ) {","        /*","         * this function will test buildReadme's default handling-behavior-behavior","         */","            options = {};","            local.buildReadme(options, onError);","        };","","        local.testCase_buildTest_default = local.testCase_buildTest_default || function (","            options,","            onError","        ) {","        /*","         * this function will test buildTest's default handling-behavior","         */","            options = {};","            local.buildTest(options, onError);","        };","","        local.testCase_webpage_default = local.testCase_webpage_default || function (","            options,","            onError","        ) {","        /*","         * this function will test webpage's default handling-behavior","         */","            options = { modeCoverageMerge: true, url: local.serverLocalHost + '?modeTest=1' };","            local.browserTest(options, onError);","        };","","        // run test-server","        local.testRunServer(local);","        break;","    }","}());",""],"l":{"12":2,"14":2,"19":2,"21":2,"23":2,"24":2,"25":2,"30":1,"37":2,"40":2,"43":1,"47":1,"50":1,"52":1,"55":2,"61":2,"62":2,"64":2,"70":1,"76":1,"82":2,"83":2,"85":2,"91":1,"98":1,"102":1,"105":1,"112":1,"119":1,"120":1,"123":1,"130":1,"131":1,"132":1,"133":1,"134":1,"135":1,"138":1,"143":2,"144":2,"147":1,"154":2,"155":2,"158":1,"165":2,"166":2,"169":1,"176":2,"177":2,"180":1,"187":1,"188":1,"192":1,"193":1}},"/home/travis/build/npmtest/node-npmtest-wunderline/lib.npmtest_wunderline.js":{"path":"/home/travis/build/npmtest/node-npmtest-wunderline/lib.npmtest_wunderline.js","s":{"1":2,"2":2,"3":2,"4":2,"5":2,"6":2,"7":2,"8":1,"9":2,"10":2,"11":2,"12":2,"13":1,"14":1,"15":1,"16":1},"b":{"1":[2,1,1,1],"2":[1,1,1,1],"3":[1,1],"4":[2,2],"5":[1,1]},"f":{"1":2,"2":2,"3":2},"fnMap":{"1":{"name":"(anonymous_1)","line":12,"loc":{"start":{"line":12,"column":1},"end":{"line":12,"column":13}}},"2":{"name":"(anonymous_2)","line":19,"loc":{"start":{"line":19,"column":5},"end":{"line":19,"column":17}}},"3":{"name":"(anonymous_3)","line":23,"loc":{"start":{"line":23,"column":24},"end":{"line":23,"column":36}}}},"statementMap":{"1":{"start":{"line":12,"column":0},"end":{"line":53,"column":5}},"2":{"start":{"line":14,"column":4},"end":{"line":14,"column":14}},"3":{"start":{"line":19,"column":4},"end":{"line":52,"column":9}},"4":{"start":{"line":21,"column":8},"end":{"line":21,"column":19}},"5":{"start":{"line":23,"column":8},"end":{"line":35,"column":13}},"6":{"start":{"line":24,"column":12},"end":{"line":34,"column":13}},"7":{"start":{"line":25,"column":16},"end":{"line":28,"column":30}},"8":{"start":{"line":30,"column":16},"end":{"line":33,"column":27}},"9":{"start":{"line":37,"column":8},"end":{"line":39,"column":21}},"10":{"start":{"line":41,"column":8},"end":{"line":41,"column":54}},"11":{"start":{"line":43,"column":8},"end":{"line":43,"column":55}},"12":{"start":{"line":45,"column":8},"end":{"line":51,"column":9}},"13":{"start":{"line":46,"column":12},"end":{"line":46,"column":61}},"14":{"start":{"line":48,"column":12},"end":{"line":48,"column":35}},"15":{"start":{"line":49,"column":12},"end":{"line":49,"column":49}},"16":{"start":{"line":50,"column":12},"end":{"line":50,"column":43}}},"branchMap":{"1":{"line":25,"type":"binary-expr","locations":[{"start":{"line":25,"column":23},"end":{"line":25,"column":62}},{"start":{"line":26,"column":20},"end":{"line":26,"column":70}},{"start":{"line":27,"column":20},"end":{"line":27,"column":71}},{"start":{"line":28,"column":20},"end":{"line":28,"column":29}}]},"2":{"line":30,"type":"binary-expr","locations":[{"start":{"line":30,"column":23},"end":{"line":30,"column":37}},{"start":{"line":31,"column":20},"end":{"line":31,"column":61}},{"start":{"line":32,"column":20},"end":{"line":32,"column":70}},{"start":{"line":33,"column":20},"end":{"line":33,"column":26}}]},"3":{"line":37,"type":"cond-expr","locations":[{"start":{"line":38,"column":14},"end":{"line":38,"column":20}},{"start":{"line":39,"column":14},"end":{"line":39,"column":20}}]},"4":{"line":41,"type":"binary-expr","locations":[{"start":{"line":41,"column":16},"end":{"line":41,"column":44}},{"start":{"line":41,"column":48},"end":{"line":41,"column":53}}]},"5":{"line":45,"type":"if","locations":[{"start":{"line":45,"column":8},"end":{"line":45,"column":8}},{"start":{"line":45,"column":8},"end":{"line":45,"column":8}}]}},"code":["/* istanbul instrument in package npmtest_wunderline */","/*jslint","    bitwise: true,","    browser: true,","    maxerr: 8,","    maxlen: 96,","    node: true,","    nomen: true,","    regexp: true,","    stupid: true","*/","(function () {","    'use strict';","    var local;","","","","    // run shared js-env code - pre-init","    (function () {","        // init local","        local = {};","        // init modeJs","        local.modeJs = (function () {","            try {","                return typeof navigator.userAgent === 'string' &&","                    typeof document.querySelector('body') === 'object' &&","                    typeof XMLHttpRequest.prototype.open === 'function' &&","                    'browser';","            } catch (errorCaughtBrowser) {","                return module.exports &&","                    typeof process.versions.node === 'string' &&","                    typeof require('http').createServer === 'function' &&","                    'node';","            }","        }());","        // init global","        local.global = local.modeJs === 'browser'","            ? window","            : global;","        // init utility2_rollup","        local = local.global.utility2_rollup || local;","        // init lib","        local.local = local.npmtest_wunderline = local;","        // init exports","        if (local.modeJs === 'browser') {","            local.global.utility2_npmtest_wunderline = local;","        } else {","            module.exports = local;","            module.exports.__dirname = __dirname;","            module.exports.module = module;","        }","    }());","}());",""],"l":{"12":2,"14":2,"19":2,"21":2,"23":2,"24":2,"25":2,"30":1,"37":2,"41":2,"43":2,"45":2,"46":1,"48":1,"49":1,"50":1}},"/home/travis/build/npmtest/node-npmtest-wunderline/example.js":{"path":"/home/travis/build/npmtest/node-npmtest-wunderline/example.js","s":{"1":2,"2":2,"3":2,"4":2,"5":2,"6":2,"7":2,"8":1,"9":2,"10":2,"11":2,"12":2,"13":1,"14":2,"15":2,"16":2,"17":2,"18":2,"19":0,"20":2,"21":1,"22":1,"23":1,"24":1,"25":1,"26":0,"27":0,"28":1,"29":1,"30":2,"31":0,"32":0,"33":0,"34":1,"35":2,"36":2,"37":3,"38":3,"39":3,"40":3,"41":0,"42":3,"43":3,"44":3,"45":1,"46":3,"47":1,"48":1,"49":1,"50":1,"51":1,"52":1,"53":1,"54":1,"55":1,"56":1,"57":0,"58":1,"59":6,"60":6,"61":1,"62":2,"63":0,"64":2,"65":1,"66":1,"67":0,"68":0,"69":0,"70":0,"71":0,"72":0,"73":0,"74":0,"75":0,"76":0,"77":0,"78":0,"79":0,"80":0,"81":0,"82":0,"83":0},"b":{"1":[2,1,1,1],"2":[1,1,1,1],"3":[1,1],"4":[2,2],"5":[1,1],"6":[1,1],"7":[2,0],"8":[2,1,1,1,1,1],"9":[0,2,0],"10":[1,1],"11":[2,1,1],"12":[1,0],"13":[0,2],"14":[2,0,0,0,0,0,0],"15":[0,3],"16":[3,0],"17":[1,1],"18":[0,1],"19":[1,2,0,2],"20":[1,0],"21":[1,1],"22":[0,0],"23":[0,0],"24":[0,0],"25":[0,0],"26":[0,0],"27":[0,0],"28":[0,0]},"f":{"1":2,"2":2,"3":2,"4":2,"5":2,"6":2,"7":3,"8":3,"9":3,"10":1,"11":6,"12":0},"fnMap":{"1":{"name":"(anonymous_1)","line":26,"loc":{"start":{"line":26,"column":1},"end":{"line":26,"column":13}}},"2":{"name":"(anonymous_2)","line":33,"loc":{"start":{"line":33,"column":5},"end":{"line":33,"column":17}}},"3":{"name":"(anonymous_3)","line":37,"loc":{"start":{"line":37,"column":24},"end":{"line":37,"column":36}}},"4":{"name":"(anonymous_4)","line":69,"loc":{"start":{"line":69,"column":31},"end":{"line":69,"column":48}},"skip":true},"5":{"name":"(anonymous_5)","line":78,"loc":{"start":{"line":78,"column":26},"end":{"line":78,"column":45}},"skip":true},"6":{"name":"(anonymous_6)","line":123,"loc":{"start":{"line":123,"column":33},"end":{"line":123,"column":48}},"skip":true},"7":{"name":"(anonymous_7)","line":125,"loc":{"start":{"line":125,"column":27},"end":{"line":125,"column":39}},"skip":true},"8":{"name":"(anonymous_8)","line":133,"loc":{"start":{"line":133,"column":59},"end":{"line":133,"column":74}},"skip":true},"9":{"name":"(anonymous_9)","line":143,"loc":{"start":{"line":143,"column":45},"end":{"line":143,"column":62}},"skip":true},"10":{"name":"(anonymous_10)","line":144,"loc":{"start":{"line":144,"column":73},"end":{"line":144,"column":92}},"skip":true},"11":{"name":"(anonymous_11)","line":272,"loc":{"start":{"line":272,"column":51},"end":{"line":272,"column":77}},"skip":true},"12":{"name":"(anonymous_12)","line":315,"loc":{"start":{"line":315,"column":32},"end":{"line":315,"column":61}},"skip":true}},"statementMap":{"1":{"start":{"line":26,"column":0},"end":{"line":326,"column":5}},"2":{"start":{"line":28,"column":4},"end":{"line":28,"column":14}},"3":{"start":{"line":33,"column":4},"end":{"line":60,"column":9}},"4":{"start":{"line":35,"column":8},"end":{"line":35,"column":19}},"5":{"start":{"line":37,"column":8},"end":{"line":49,"column":13}},"6":{"start":{"line":38,"column":12},"end":{"line":48,"column":13}},"7":{"start":{"line":39,"column":16},"end":{"line":42,"column":30}},"8":{"start":{"line":44,"column":16},"end":{"line":47,"column":27}},"9":{"start":{"line":51,"column":8},"end":{"line":53,"column":21}},"10":{"start":{"line":55,"column":8},"end":{"line":57,"column":45}},"11":{"start":{"line":59,"column":8},"end":{"line":59,"column":35}},"12":{"start":{"line":61,"column":4},"end":{"line":325,"column":5}},"13":{"start":{"line":69,"column":8},"end":{"line":121,"column":10},"skip":true},"14":{"start":{"line":70,"column":12},"end":{"line":88,"column":13},"skip":true},"15":{"start":{"line":76,"column":16},"end":{"line":87,"column":19},"skip":true},"16":{"start":{"line":79,"column":20},"end":{"line":86,"column":21},"skip":true},"17":{"start":{"line":82,"column":24},"end":{"line":82,"column":43},"skip":true},"18":{"start":{"line":83,"column":24},"end":{"line":83,"column":30},"skip":true},"19":{"start":{"line":85,"column":24},"end":{"line":85,"column":49},"skip":true},"20":{"start":{"line":89,"column":12},"end":{"line":107,"column":13},"skip":true},"21":{"start":{"line":92,"column":16},"end":{"line":102,"column":17},"skip":true},"22":{"start":{"line":93,"column":20},"end":{"line":93,"column":86},"skip":true},"23":{"start":{"line":94,"column":20},"end":{"line":95,"column":45},"skip":true},"24":{"start":{"line":96,"column":20},"end":{"line":96,"column":42},"skip":true},"25":{"start":{"line":97,"column":20},"end":{"line":97,"column":48},"skip":true},"26":{"start":{"line":100,"column":20},"end":{"line":100,"column":85},"skip":true},"27":{"start":{"line":101,"column":20},"end":{"line":101,"column":96},"skip":true},"28":{"start":{"line":103,"column":16},"end":{"line":103,"column":22},"skip":true},"29":{"start":{"line":106,"column":16},"end":{"line":106,"column":22},"skip":true},"30":{"start":{"line":108,"column":12},"end":{"line":120,"column":13},"skip":true},"31":{"start":{"line":114,"column":16},"end":{"line":119,"column":17},"skip":true},"32":{"start":{"line":116,"column":20},"end":{"line":116,"column":78},"skip":true},"33":{"start":{"line":118,"column":20},"end":{"line":118,"column":47},"skip":true},"34":{"start":{"line":123,"column":8},"end":{"line":141,"column":11},"skip":true},"35":{"start":{"line":124,"column":12},"end":{"line":124,"column":54},"skip":true},"36":{"start":{"line":125,"column":12},"end":{"line":140,"column":14},"skip":true},"37":{"start":{"line":126,"column":16},"end":{"line":126,"column":28},"skip":true},"38":{"start":{"line":127,"column":16},"end":{"line":127,"column":69},"skip":true},"39":{"start":{"line":128,"column":16},"end":{"line":128,"column":75},"skip":true},"40":{"start":{"line":129,"column":16},"end":{"line":131,"column":17},"skip":true},"41":{"start":{"line":130,"column":20},"end":{"line":130,"column":27},"skip":true},"42":{"start":{"line":133,"column":16},"end":{"line":137,"column":36},"skip":true},"43":{"start":{"line":134,"column":20},"end":{"line":136,"column":55},"skip":true},"44":{"start":{"line":139,"column":16},"end":{"line":139,"column":57},"skip":true},"45":{"start":{"line":143,"column":8},"end":{"line":147,"column":11},"skip":true},"46":{"start":{"line":144,"column":12},"end":{"line":146,"column":15},"skip":true},"47":{"start":{"line":145,"column":16},"end":{"line":145,"column":70},"skip":true},"48":{"start":{"line":149,"column":8},"end":{"line":149,"column":31},"skip":true},"49":{"start":{"line":150,"column":8},"end":{"line":150,"column":14},"skip":true},"50":{"start":{"line":158,"column":8},"end":{"line":158,"column":31},"skip":true},"51":{"start":{"line":160,"column":8},"end":{"line":160,"column":33},"skip":true},"52":{"start":{"line":161,"column":8},"end":{"line":161,"column":37},"skip":true},"53":{"start":{"line":162,"column":8},"end":{"line":162,"column":35},"skip":true},"54":{"start":{"line":164,"column":8},"end":{"line":164,"column":50},"skip":true},"55":{"start":{"line":166,"column":8},"end":{"line":256,"column":2},"skip":true},"56":{"start":{"line":258,"column":8},"end":{"line":286,"column":9},"skip":true},"57":{"start":{"line":259,"column":12},"end":{"line":269,"column":14},"skip":true},"58":{"start":{"line":271,"column":12},"end":{"line":285,"column":19},"skip":true},"59":{"start":{"line":274,"column":20},"end":{"line":274,"column":35},"skip":true},"60":{"start":{"line":275,"column":20},"end":{"line":284,"column":21},"skip":true},"61":{"start":{"line":277,"column":24},"end":{"line":277,"column":64},"skip":true},"62":{"start":{"line":279,"column":24},"end":{"line":279,"column":40},"skip":true},"63":{"start":{"line":281,"column":24},"end":{"line":281,"column":40},"skip":true},"64":{"start":{"line":283,"column":24},"end":{"line":283,"column":39},"skip":true},"65":{"start":{"line":288,"column":8},"end":{"line":290,"column":9},"skip":true},"66":{"start":{"line":289,"column":12},"end":{"line":289,"column":18},"skip":true},"67":{"start":{"line":291,"column":8},"end":{"line":293,"column":54},"skip":true},"68":{"start":{"line":296,"column":8},"end":{"line":301,"column":37},"skip":true},"69":{"start":{"line":303,"column":8},"end":{"line":303,"column":82},"skip":true},"70":{"start":{"line":306,"column":8},"end":{"line":308,"column":9},"skip":true},"71":{"start":{"line":307,"column":12},"end":{"line":307,"column":82},"skip":true},"72":{"start":{"line":310,"column":8},"end":{"line":312,"column":9},"skip":true},"73":{"start":{"line":311,"column":12},"end":{"line":311,"column":18},"skip":true},"74":{"start":{"line":313,"column":8},"end":{"line":313,"column":54},"skip":true},"75":{"start":{"line":314,"column":8},"end":{"line":314,"column":69},"skip":true},"76":{"start":{"line":315,"column":8},"end":{"line":323,"column":36},"skip":true},"77":{"start":{"line":316,"column":12},"end":{"line":316,"column":61},"skip":true},"78":{"start":{"line":317,"column":12},"end":{"line":320,"column":13},"skip":true},"79":{"start":{"line":318,"column":16},"end":{"line":318,"column":75},"skip":true},"80":{"start":{"line":319,"column":16},"end":{"line":319,"column":23},"skip":true},"81":{"start":{"line":321,"column":12},"end":{"line":321,"column":38},"skip":true},"82":{"start":{"line":322,"column":12},"end":{"line":322,"column":27},"skip":true},"83":{"start":{"line":324,"column":8},"end":{"line":324,"column":14},"skip":true}},"branchMap":{"1":{"line":39,"type":"binary-expr","locations":[{"start":{"line":39,"column":23},"end":{"line":39,"column":62}},{"start":{"line":40,"column":20},"end":{"line":40,"column":70}},{"start":{"line":41,"column":20},"end":{"line":41,"column":71}},{"start":{"line":42,"column":20},"end":{"line":42,"column":29}}]},"2":{"line":44,"type":"binary-expr","locations":[{"start":{"line":44,"column":23},"end":{"line":44,"column":37}},{"start":{"line":45,"column":20},"end":{"line":45,"column":61}},{"start":{"line":46,"column":20},"end":{"line":46,"column":70}},{"start":{"line":47,"column":20},"end":{"line":47,"column":26}}]},"3":{"line":51,"type":"cond-expr","locations":[{"start":{"line":52,"column":14},"end":{"line":52,"column":20}},{"start":{"line":53,"column":14},"end":{"line":53,"column":20}}]},"4":{"line":55,"type":"binary-expr","locations":[{"start":{"line":55,"column":16},"end":{"line":55,"column":44}},{"start":{"line":55,"column":49},"end":{"line":57,"column":43}}]},"5":{"line":55,"type":"cond-expr","locations":[{"start":{"line":56,"column":14},"end":{"line":56,"column":54}},{"start":{"line":57,"column":14},"end":{"line":57,"column":43}}]},"6":{"line":61,"type":"switch","locations":[{"start":{"line":68,"column":4},"end":{"line":150,"column":14},"skip":true},{"start":{"line":156,"column":4},"end":{"line":324,"column":14},"skip":true}]},"7":{"line":70,"type":"if","locations":[{"start":{"line":70,"column":12},"end":{"line":70,"column":12},"skip":true},{"start":{"line":70,"column":12},"end":{"line":70,"column":12},"skip":true}]},"8":{"line":70,"type":"binary-expr","locations":[{"start":{"line":70,"column":16},"end":{"line":70,"column":22},"skip":true},{"start":{"line":70,"column":27},"end":{"line":70,"column":32},"skip":true},{"start":{"line":71,"column":20},"end":{"line":71,"column":39},"skip":true},{"start":{"line":72,"column":20},"end":{"line":72,"column":49},"skip":true},{"start":{"line":73,"column":20},"end":{"line":73,"column":58},"skip":true},{"start":{"line":74,"column":20},"end":{"line":74,"column":69},"skip":true}]},"9":{"line":79,"type":"switch","locations":[{"start":{"line":80,"column":20},"end":{"line":80,"column":33},"skip":true},{"start":{"line":81,"column":20},"end":{"line":83,"column":30},"skip":true},{"start":{"line":84,"column":20},"end":{"line":85,"column":49},"skip":true}]},"10":{"line":89,"type":"switch","locations":[{"start":{"line":90,"column":12},"end":{"line":103,"column":22},"skip":true},{"start":{"line":105,"column":12},"end":{"line":106,"column":22},"skip":true}]},"11":{"line":89,"type":"binary-expr","locations":[{"start":{"line":89,"column":20},"end":{"line":89,"column":25},"skip":true},{"start":{"line":89,"column":29},"end":{"line":89,"column":48},"skip":true},{"start":{"line":89,"column":52},"end":{"line":89,"column":74},"skip":true}]},"12":{"line":92,"type":"if","locations":[{"start":{"line":92,"column":16},"end":{"line":92,"column":16},"skip":true},{"start":{"line":92,"column":16},"end":{"line":92,"column":16},"skip":true}]},"13":{"line":108,"type":"if","locations":[{"start":{"line":108,"column":12},"end":{"line":108,"column":12},"skip":true},{"start":{"line":108,"column":12},"end":{"line":108,"column":12},"skip":true}]},"14":{"line":108,"type":"binary-expr","locations":[{"start":{"line":108,"column":16},"end":{"line":108,"column":61},"skip":true},{"start":{"line":108,"column":66},"end":{"line":108,"column":72},"skip":true},{"start":{"line":108,"column":77},"end":{"line":108,"column":82},"skip":true},{"start":{"line":109,"column":20},"end":{"line":109,"column":39},"skip":true},{"start":{"line":110,"column":20},"end":{"line":110,"column":49},"skip":true},{"start":{"line":111,"column":20},"end":{"line":111,"column":58},"skip":true},{"start":{"line":112,"column":20},"end":{"line":112,"column":68},"skip":true}]},"15":{"line":129,"type":"if","locations":[{"start":{"line":129,"column":16},"end":{"line":129,"column":16},"skip":true},{"start":{"line":129,"column":16},"end":{"line":129,"column":16},"skip":true}]},"16":{"line":134,"type":"cond-expr","locations":[{"start":{"line":135,"column":26},"end":{"line":135,"column":29},"skip":true},{"start":{"line":136,"column":26},"end":{"line":136,"column":54},"skip":true}]},"17":{"line":164,"type":"binary-expr","locations":[{"start":{"line":164,"column":27},"end":{"line":164,"column":43},"skip":true},{"start":{"line":164,"column":47},"end":{"line":164,"column":49},"skip":true}]},"18":{"line":258,"type":"if","locations":[{"start":{"line":258,"column":8},"end":{"line":258,"column":8},"skip":true},{"start":{"line":258,"column":8},"end":{"line":258,"column":8},"skip":true}]},"19":{"line":275,"type":"switch","locations":[{"start":{"line":276,"column":20},"end":{"line":277,"column":64},"skip":true},{"start":{"line":278,"column":20},"end":{"line":279,"column":40},"skip":true},{"start":{"line":280,"column":20},"end":{"line":281,"column":40},"skip":true},{"start":{"line":282,"column":20},"end":{"line":283,"column":39},"skip":true}]},"20":{"line":288,"type":"if","locations":[{"start":{"line":288,"column":8},"end":{"line":288,"column":8},"skip":true},{"start":{"line":288,"column":8},"end":{"line":288,"column":8},"skip":true}]},"21":{"line":288,"type":"binary-expr","locations":[{"start":{"line":288,"column":12},"end":{"line":288,"column":40},"skip":true},{"start":{"line":288,"column":44},"end":{"line":288,"column":67},"skip":true}]},"22":{"line":292,"type":"binary-expr","locations":[{"start":{"line":292,"column":12},"end":{"line":292,"column":50},"skip":true},{"start":{"line":293,"column":12},"end":{"line":293,"column":53},"skip":true}]},"23":{"line":297,"type":"binary-expr","locations":[{"start":{"line":297,"column":12},"end":{"line":297,"column":68},"skip":true},{"start":{"line":298,"column":12},"end":{"line":301,"column":36},"skip":true}]},"24":{"line":303,"type":"binary-expr","locations":[{"start":{"line":303,"column":43},"end":{"line":303,"column":75},"skip":true},{"start":{"line":303,"column":79},"end":{"line":303,"column":81},"skip":true}]},"25":{"line":306,"type":"if","locations":[{"start":{"line":306,"column":8},"end":{"line":306,"column":8},"skip":true},{"start":{"line":306,"column":8},"end":{"line":306,"column":8},"skip":true}]},"26":{"line":310,"type":"if","locations":[{"start":{"line":310,"column":8},"end":{"line":310,"column":8},"skip":true},{"start":{"line":310,"column":8},"end":{"line":310,"column":8},"skip":true}]},"27":{"line":313,"type":"binary-expr","locations":[{"start":{"line":313,"column":27},"end":{"line":313,"column":43},"skip":true},{"start":{"line":313,"column":47},"end":{"line":313,"column":53},"skip":true}]},"28":{"line":317,"type":"if","locations":[{"start":{"line":317,"column":12},"end":{"line":317,"column":12},"skip":true},{"start":{"line":317,"column":12},"end":{"line":317,"column":12},"skip":true}]}},"code":["/*","example.js","","quickstart example","","instruction","    1. save this script as example.js","    2. run the shell command:","        $ npm install npmtest-wunderline && PORT=8081 node example.js","    3. play with the browser-demo on http://127.0.0.1:8081","*/","","","","/* istanbul instrument in package npmtest_wunderline */","/*jslint","    bitwise: true,","    browser: true,","    maxerr: 8,","    maxlen: 96,","    node: true,","    nomen: true,","    regexp: true,","    stupid: true","*/","(function () {","    'use strict';","    var local;","","","","    // run shared js-env code - pre-init","    (function () {","        // init local","        local = {};","        // init modeJs","        local.modeJs = (function () {","            try {","                return typeof navigator.userAgent === 'string' &&","                    typeof document.querySelector('body') === 'object' &&","                    typeof XMLHttpRequest.prototype.open === 'function' &&","                    'browser';","            } catch (errorCaughtBrowser) {","                return module.exports &&","                    typeof process.versions.node === 'string' &&","                    typeof require('http').createServer === 'function' &&","                    'node';","            }","        }());","        // init global","        local.global = local.modeJs === 'browser'","            ? window","            : global;","        // init utility2_rollup","        local = local.global.utility2_rollup || (local.modeJs === 'browser'","            ? local.global.utility2_npmtest_wunderline","            : global.utility2_moduleExports);","        // export local","        local.global.local = local;","    }());","    switch (local.modeJs) {","","","","    // post-init","    // run browser js-env code - post-init","    /* istanbul ignore next */","    case 'browser':","        local.testRunBrowser = function (event) {","            if (!event || (event &&","                    event.currentTarget &&","                    event.currentTarget.className &&","                    event.currentTarget.className.includes &&","                    event.currentTarget.className.includes('onreset'))) {","                // reset output","                Array.from(","                    document.querySelectorAll('body > .resettable')","                ).forEach(function (element) {","                    switch (element.tagName) {","                    case 'INPUT':","                    case 'TEXTAREA':","                        element.value = '';","                        break;","                    default:","                        element.textContent = '';","                    }","                });","            }","            switch (event && event.currentTarget && event.currentTarget.id) {","            case 'testRunButton1':","                // show tests","                if (document.querySelector('#testReportDiv1').style.display === 'none') {","                    document.querySelector('#testReportDiv1').style.display = 'block';","                    document.querySelector('#testRunButton1').textContent =","                        'hide internal test';","                    local.modeTest = true;","                    local.testRunDefault(local);","                // hide tests","                } else {","                    document.querySelector('#testReportDiv1').style.display = 'none';","                    document.querySelector('#testRunButton1').textContent = 'run internal test';","                }","                break;","            // custom-case","            default:","                break;","            }","            if (document.querySelector('#inputTextareaEval1') && (!event || (event &&","                    event.currentTarget &&","                    event.currentTarget.className &&","                    event.currentTarget.className.includes &&","                    event.currentTarget.className.includes('oneval')))) {","                // try to eval input-code","                try {","                    /*jslint evil: true*/","                    eval(document.querySelector('#inputTextareaEval1').value);","                } catch (errorCaught) {","                    console.error(errorCaught);","                }","            }","        };","        // log stderr and stdout to #outputTextareaStdout1","        ['error', 'log'].forEach(function (key) {","            console[key + '_original'] = console[key];","            console[key] = function () {","                var element;","                console[key + '_original'].apply(console, arguments);","                element = document.querySelector('#outputTextareaStdout1');","                if (!element) {","                    return;","                }","                // append text to #outputTextareaStdout1","                element.value += Array.from(arguments).map(function (arg) {","                    return typeof arg === 'string'","                        ? arg","                        : JSON.stringify(arg, null, 4);","                }).join(' ') + '\\n';","                // scroll textarea to bottom","                element.scrollTop = element.scrollHeight;","            };","        });","        // init event-handling","        ['change', 'click', 'keyup'].forEach(function (event) {","            Array.from(document.querySelectorAll('.on' + event)).forEach(function (element) {","                element.addEventListener(event, local.testRunBrowser);","            });","        });","        // run tests","        local.testRunBrowser();","        break;","","","","    // run node js-env code - post-init","    /* istanbul ignore next */","    case 'node':","        // export local","        module.exports = local;","        // require modules","        local.fs = require('fs');","        local.http = require('http');","        local.url = require('url');","        // init assets","        local.assetsDict = local.assetsDict || {};","        /* jslint-ignore-begin */","        local.assetsDict['/assets.index.template.html'] = '\\","<!doctype html>\\n\\","<html lang=\"en\">\\n\\","<head>\\n\\","<meta charset=\"UTF-8\">\\n\\","<meta name=\"viewport\" content=\"width=device-width, initial-scale=1\">\\n\\","<title>{{env.npm_package_name}} (v{{env.npm_package_version}})</title>\\n\\","<style>\\n\\","/*csslint\\n\\","    box-sizing: false,\\n\\","    universal-selector: false\\n\\","*/\\n\\","* {\\n\\","    box-sizing: border-box;\\n\\","}\\n\\","body {\\n\\","    background: #dde;\\n\\","    font-family: Arial, Helvetica, sans-serif;\\n\\","    margin: 2rem;\\n\\","}\\n\\","body > * {\\n\\","    margin-bottom: 1rem;\\n\\","}\\n\\",".utility2FooterDiv {\\n\\","    margin-top: 20px;\\n\\","    text-align: center;\\n\\","}\\n\\","</style>\\n\\","<style>\\n\\","/*csslint\\n\\","*/\\n\\","textarea {\\n\\","    font-family: monospace;\\n\\","    height: 10rem;\\n\\","    width: 100%;\\n\\","}\\n\\","textarea[readonly] {\\n\\","    background: #ddd;\\n\\","}\\n\\","</style>\\n\\","</head>\\n\\","<body>\\n\\","<!-- utility2-comment\\n\\","<div id=\"ajaxProgressDiv1\" style=\"background: #d00; height: 2px; left: 0; margin: 0; padding: 0; position: fixed; top: 0; transition: background 0.5s, width 1.5s; width: 25%;\"></div>\\n\\","utility2-comment -->\\n\\","<h1>\\n\\","<!-- utility2-comment\\n\\","    <a\\n\\","        {{#if env.npm_package_homepage}}\\n\\","        href=\"{{env.npm_package_homepage}}\"\\n\\","        {{/if env.npm_package_homepage}}\\n\\","        target=\"_blank\"\\n\\","    >\\n\\","utility2-comment -->\\n\\","        {{env.npm_package_name}} (v{{env.npm_package_version}})\\n\\","<!-- utility2-comment\\n\\","    </a>\\n\\","utility2-comment -->\\n\\","</h1>\\n\\","<h3>{{env.npm_package_description}}</h3>\\n\\","<!-- utility2-comment\\n\\","<h4><a download href=\"assets.app.js\">download standalone app</a></h4>\\n\\","<button class=\"onclick onreset\" id=\"testRunButton1\">run internal test</button><br>\\n\\","<div id=\"testReportDiv1\" style=\"display: none;\"></div>\\n\\","utility2-comment -->\\n\\","\\n\\","\\n\\","\\n\\","<label>stderr and stdout</label>\\n\\","<textarea class=\"resettable\" id=\"outputTextareaStdout1\" readonly></textarea>\\n\\","<!-- utility2-comment\\n\\","{{#if isRollup}}\\n\\","<script src=\"assets.app.js\"></script>\\n\\","{{#unless isRollup}}\\n\\","utility2-comment -->\\n\\","<script src=\"assets.utility2.rollup.js\"></script>\\n\\","<script src=\"jsonp.utility2._stateInit?callback=window.utility2._stateInit\"></script>\\n\\","<script src=\"assets.npmtest_wunderline.rollup.js\"></script>\\n\\","<script src=\"assets.example.js\"></script>\\n\\","<script src=\"assets.test.js\"></script>\\n\\","<!-- utility2-comment\\n\\","{{/if isRollup}}\\n\\","utility2-comment -->\\n\\","<div class=\"utility2FooterDiv\">\\n\\","    [ this app was created with\\n\\","    <a href=\"https://github.com/kaizhu256/node-utility2\" target=\"_blank\">utility2</a>\\n\\","    ]\\n\\","</div>\\n\\","</body>\\n\\","</html>\\n\\","';","        /* jslint-ignore-end */","        if (local.templateRender) {","            local.assetsDict['/'] = local.templateRender(","                local.assetsDict['/assets.index.template.html'],","                {","                    env: local.objectSetDefault(local.env, {","                        npm_package_description: 'the greatest app in the world!',","                        npm_package_name: 'my-app',","                        npm_package_nameAlias: 'my_app',","                        npm_package_version: '0.0.1'","                    })","                }","            );","        } else {","            local.assetsDict['/'] = local.assetsDict['/assets.index.template.html']","                .replace((/\\{\\{env\\.(\\w+?)\\}\\}/g), function (match0, match1) {","                    // jslint-hack","                    String(match0);","                    switch (match1) {","                    case 'npm_package_description':","                        return 'the greatest app in the world!';","                    case 'npm_package_name':","                        return 'my-app';","                    case 'npm_package_nameAlias':","                        return 'my_app';","                    case 'npm_package_version':","                        return '0.0.1';","                    }","                });","        }","        // run the cli","        if (local.global.utility2_rollup || module !== require.main) {","            break;","        }","        local.assetsDict['/assets.example.js'] =","            local.assetsDict['/assets.example.js'] ||","            local.fs.readFileSync(__filename, 'utf8');","        // bug-workaround - long $npm_package_buildCustomOrg","        /* jslint-ignore-begin */","        local.assetsDict['/assets.npmtest_wunderline.rollup.js'] =","            local.assetsDict['/assets.npmtest_wunderline.rollup.js'] ||","            local.fs.readFileSync(","                local.npmtest_wunderline.__dirname + '/lib.npmtest_wunderline.js',","                'utf8'","            ).replace((/^#!/), '//');","        /* jslint-ignore-end */","        local.assetsDict['/favicon.ico'] = local.assetsDict['/favicon.ico'] || '';","        // if $npm_config_timeout_exit exists,","        // then exit this process after $npm_config_timeout_exit ms","        if (Number(process.env.npm_config_timeout_exit)) {","            setTimeout(process.exit, Number(process.env.npm_config_timeout_exit));","        }","        // start server","        if (local.global.utility2_serverHttp1) {","            break;","        }","        process.env.PORT = process.env.PORT || '8081';","        console.error('server starting on port ' + process.env.PORT);","        local.http.createServer(function (request, response) {","            request.urlParsed = local.url.parse(request.url);","            if (local.assetsDict[request.urlParsed.pathname] !== undefined) {","                response.end(local.assetsDict[request.urlParsed.pathname]);","                return;","            }","            response.statusCode = 404;","            response.end();","        }).listen(process.env.PORT);","        break;","    }","}());",""],"l":{"26":2,"28":2,"33":2,"35":2,"37":2,"38":2,"39":2,"44":1,"51":2,"55":2,"59":2,"61":2,"69":1,"70":2,"76":2,"79":2,"82":2,"83":2,"85":1,"89":2,"92":1,"93":1,"94":1,"96":1,"97":1,"100":1,"101":1,"103":1,"106":1,"108":2,"114":1,"116":1,"118":1,"123":1,"124":2,"125":2,"126":3,"127":3,"128":3,"129":3,"130":1,"133":3,"134":3,"139":3,"143":1,"144":3,"145":1,"149":1,"150":1,"158":1,"160":1,"161":1,"162":1,"164":1,"166":1,"258":1,"259":1,"271":1,"274":6,"275":6,"277":1,"279":2,"281":1,"283":2,"288":1,"289":1,"291":1,"296":1,"303":1,"306":1,"307":1,"310":1,"311":1,"313":1,"314":1,"315":1,"316":1,"317":1,"318":1,"319":1,"321":1,"322":1,"324":1}},"/home/travis/build/npmtest/node-npmtest-wunderline/node_modules/wunderline/wunderline.js":{"path":"/home/travis/build/npmtest/node-npmtest-wunderline/node_modules/wunderline/wunderline.js","s":{"1":1,"2":1,"3":1,"4":1},"b":{},"f":{},"fnMap":{},"statementMap":{"1":{"start":{"line":3,"column":0},"end":{"line":3,"column":30}},"2":{"start":{"line":4,"column":0},"end":{"line":4,"column":35}},"3":{"start":{"line":6,"column":0},"end":{"line":24,"column":50}},"4":{"start":{"line":26,"column":0},"end":{"line":26,"column":23}}},"branchMap":{},"code":["//#!/usr/bin/env node","","var app = require('commander')","var pkg = require('./package.json')","","app.version(pkg.version)","  .command('auth', 'Authenticate Wunderline')","  .command('add [task]', 'Add a task to your inbox')","  .command('done', 'Mark a task as done')","  .command('inbox', 'View your inbox')","  .command('starred', 'View starred tasks')","  .command('today', 'View tasks due today')","  .command('week', 'View tasks due this week')","  .command('all', 'View all of your tasks')","  .command('overdue', 'View overdue tasks')","  .command('search [query]', 'Search your tasks')","  .command('list [query]', 'Search your lists')","  .command('lists', 'List your lists')","  .command('open', 'Open Wunderlist')","  .command('export', 'Export your data')","  .command('whoami', 'Display effective user')","  .command('gc', 'Delete completed tasks')","  .command('set-platform', 'Set your preferred application platform')","  .command('flush', 'Flush the application cache')","","app.parse(process.argv)",""],"l":{"3":1,"4":1,"6":1,"26":1}},"/home/travis/build/npmtest/node-npmtest-wunderline/node_modules/wunderline/wunderline-add.js":{"path":"/home/travis/build/npmtest/node-npmtest-wunderline/node_modules/wunderline/wunderline-add.js","s":{"1":1,"2":1,"3":1,"4":1,"5":1,"6":1,"7":1,"8":1,"9":1,"10":1,"11":1,"12":1,"13":0,"14":0,"15":0,"16":0,"17":0,"18":1,"19":0,"20":0,"21":0,"22":0,"23":0,"24":1,"25":1,"26":0,"27":1,"28":0,"29":0,"30":1,"31":0,"32":0,"33":0,"34":0,"35":0,"36":0,"37":0,"38":0,"39":0,"40":0,"41":0,"42":0,"43":0,"44":0,"45":0,"46":1,"47":0,"48":0,"49":0,"50":0,"51":0,"52":0,"53":0,"54":0,"55":0,"56":0,"57":0,"58":0,"59":0,"60":0,"61":0,"62":0,"63":0,"64":0,"65":0,"66":0,"67":0,"68":0,"69":0,"70":0,"71":0,"72":0,"73":0,"74":0,"75":0,"76":0,"77":0,"78":0,"79":0,"80":0,"81":0,"82":0,"83":0,"84":0,"85":0,"86":0,"87":0,"88":0,"89":0,"90":0,"91":0,"92":0,"93":0,"94":0,"95":0,"96":0,"97":0,"98":0,"99":0,"100":0,"101":0,"102":0,"103":0,"104":0,"105":0,"106":0,"107":0,"108":0,"109":0,"110":0,"111":0,"112":0,"113":0,"114":0,"115":0,"116":0,"117":1},"b":{"1":[0,0],"2":[0,0],"3":[0,0],"4":[0,0],"5":[0,0],"6":[0,0],"7":[0,0],"8":[0,0],"9":[0,0],"10":[0,0],"11":[0,0],"12":[0,0],"13":[0,0],"14":[0,0],"15":[0,0],"16":[0,0],"17":[0,0],"18":[0,0],"19":[0,0],"20":[0,0],"21":[0,0],"22":[0,0],"23":[0,0],"24":[0,0],"25":[0,0],"26":[0,0],"27":[0,0],"28":[0,0],"29":[0,0],"30":[0,0],"31":[0,0],"32":[0,0],"33":[0,0],"34":[0,0]},"f":{"1":0,"2":0,"3":0,"4":0,"5":0,"6":0,"7":0,"8":0,"9":0,"10":0,"11":0,"12":0,"13":0,"14":0,"15":0,"16":0,"17":0,"18":0,"19":0,"20":0,"21":0,"22":0,"23":0,"24":0,"25":0,"26":0,"27":0,"28":0,"29":0,"30":0},"fnMap":{"1":{"name":"openTask","line":15,"loc":{"start":{"line":15,"column":0},"end":{"line":15,"column":25}}},"2":{"name":"openList","line":22,"loc":{"start":{"line":22,"column":0},"end":{"line":22,"column":25}}},"3":{"name":"truncateTitle","line":43,"loc":{"start":{"line":43,"column":0},"end":{"line":43,"column":31}}},"4":{"name":"collect","line":47,"loc":{"start":{"line":47,"column":0},"end":{"line":47,"column":31}}},"5":{"name":"getListId","line":52,"loc":{"start":{"line":52,"column":0},"end":{"line":52,"column":24}}},"6":{"name":"(anonymous_6)","line":54,"loc":{"start":{"line":54,"column":20},"end":{"line":54,"column":37}}},"7":{"name":"(anonymous_7)","line":63,"loc":{"start":{"line":63,"column":16},"end":{"line":63,"column":42}}},"8":{"name":"(anonymous_8)","line":66,"loc":{"start":{"line":66,"column":31},"end":{"line":66,"column":47}}},"9":{"name":"(anonymous_9)","line":72,"loc":{"start":{"line":72,"column":42},"end":{"line":72,"column":68}}},"10":{"name":"main","line":80,"loc":{"start":{"line":80,"column":0},"end":{"line":80,"column":17}}},"11":{"name":"(anonymous_11)","line":113,"loc":{"start":{"line":113,"column":6},"end":{"line":113,"column":20}}},"12":{"name":"(anonymous_12)","line":114,"loc":{"start":{"line":114,"column":18},"end":{"line":114,"column":37}}},"13":{"name":"(anonymous_13)","line":118,"loc":{"start":{"line":118,"column":6},"end":{"line":118,"column":29}}},"14":{"name":"(anonymous_14)","line":126,"loc":{"start":{"line":126,"column":6},"end":{"line":126,"column":26}}},"15":{"name":"(anonymous_15)","line":127,"loc":{"start":{"line":127,"column":46},"end":{"line":127,"column":72}}},"16":{"name":"(anonymous_16)","line":136,"loc":{"start":{"line":136,"column":6},"end":{"line":136,"column":26}}},"17":{"name":"(anonymous_17)","line":138,"loc":{"start":{"line":138,"column":83},"end":{"line":138,"column":109}}},"18":{"name":"(anonymous_18)","line":150,"loc":{"start":{"line":150,"column":6},"end":{"line":150,"column":26}}},"19":{"name":"(anonymous_19)","line":153,"loc":{"start":{"line":153,"column":110},"end":{"line":153,"column":136}}},"20":{"name":"(anonymous_20)","line":166,"loc":{"start":{"line":166,"column":7},"end":{"line":166,"column":27}}},"21":{"name":"(anonymous_21)","line":179,"loc":{"start":{"line":179,"column":6},"end":{"line":179,"column":20}}},"22":{"name":"(anonymous_22)","line":186,"loc":{"start":{"line":186,"column":6},"end":{"line":186,"column":27}}},"23":{"name":"(anonymous_23)","line":187,"loc":{"start":{"line":187,"column":18},"end":{"line":187,"column":36}}},"24":{"name":"(anonymous_24)","line":191,"loc":{"start":{"line":191,"column":6},"end":{"line":191,"column":35}}},"25":{"name":"(anonymous_25)","line":193,"loc":{"start":{"line":193,"column":18},"end":{"line":193,"column":34}}},"26":{"name":"(anonymous_26)","line":196,"loc":{"start":{"line":196,"column":15},"end":{"line":196,"column":31}}},"27":{"name":"(anonymous_27)","line":206,"loc":{"start":{"line":206,"column":7},"end":{"line":206,"column":29}}},"28":{"name":"(anonymous_28)","line":211,"loc":{"start":{"line":211,"column":24},"end":{"line":211,"column":50}}},"29":{"name":"(anonymous_29)","line":212,"loc":{"start":{"line":212,"column":46},"end":{"line":212,"column":72}}},"30":{"name":"(anonymous_30)","line":220,"loc":{"start":{"line":220,"column":9},"end":{"line":220,"column":21}}}},"statementMap":{"1":{"start":{"line":3,"column":0},"end":{"line":3,"column":30}},"2":{"start":{"line":4,"column":0},"end":{"line":4,"column":28}},"3":{"start":{"line":5,"column":0},"end":{"line":5,"column":32}},"4":{"start":{"line":6,"column":0},"end":{"line":6,"column":35}},"5":{"start":{"line":7,"column":0},"end":{"line":7,"column":30}},"6":{"start":{"line":8,"column":0},"end":{"line":8,"column":24}},"7":{"start":{"line":9,"column":0},"end":{"line":9,"column":30}},"8":{"start":{"line":10,"column":0},"end":{"line":10,"column":41}},"9":{"start":{"line":11,"column":0},"end":{"line":11,"column":40}},"10":{"start":{"line":12,"column":0},"end":{"line":12,"column":59}},"11":{"start":{"line":13,"column":0},"end":{"line":13,"column":32}},"12":{"start":{"line":15,"column":0},"end":{"line":20,"column":1}},"13":{"start":{"line":16,"column":2},"end":{"line":16,"column":59}},"14":{"start":{"line":17,"column":2},"end":{"line":17,"column":43}},"15":{"start":{"line":18,"column":2},"end":{"line":18,"column":53}},"16":{"start":{"line":18,"column":38},"end":{"line":18,"column":53}},"17":{"start":{"line":19,"column":2},"end":{"line":19,"column":10}},"18":{"start":{"line":22,"column":0},"end":{"line":27,"column":1}},"19":{"start":{"line":23,"column":2},"end":{"line":23,"column":59}},"20":{"start":{"line":24,"column":2},"end":{"line":24,"column":43}},"21":{"start":{"line":25,"column":2},"end":{"line":25,"column":53}},"22":{"start":{"line":25,"column":38},"end":{"line":25,"column":53}},"23":{"start":{"line":26,"column":2},"end":{"line":26,"column":10}},"24":{"start":{"line":29,"column":0},"end":{"line":41,"column":22}},"25":{"start":{"line":43,"column":0},"end":{"line":45,"column":1}},"26":{"start":{"line":44,"column":2},"end":{"line":44,"column":33}},"27":{"start":{"line":47,"column":0},"end":{"line":50,"column":1}},"28":{"start":{"line":48,"column":2},"end":{"line":48,"column":18}},"29":{"start":{"line":49,"column":2},"end":{"line":49,"column":13}},"30":{"start":{"line":52,"column":0},"end":{"line":78,"column":1}},"31":{"start":{"line":53,"column":2},"end":{"line":57,"column":3}},"32":{"start":{"line":54,"column":4},"end":{"line":56,"column":6}},"33":{"start":{"line":55,"column":6},"end":{"line":55,"column":18}},"34":{"start":{"line":59,"column":2},"end":{"line":61,"column":3}},"35":{"start":{"line":63,"column":2},"end":{"line":77,"column":4}},"36":{"start":{"line":64,"column":4},"end":{"line":64,"column":28}},"37":{"start":{"line":64,"column":13},"end":{"line":64,"column":28}},"38":{"start":{"line":66,"column":4},"end":{"line":68,"column":6}},"39":{"start":{"line":67,"column":6},"end":{"line":67,"column":73}},"40":{"start":{"line":69,"column":4},"end":{"line":71,"column":5}},"41":{"start":{"line":70,"column":6},"end":{"line":70,"column":31}},"42":{"start":{"line":72,"column":4},"end":{"line":76,"column":6}},"43":{"start":{"line":73,"column":6},"end":{"line":73,"column":30}},"44":{"start":{"line":73,"column":15},"end":{"line":73,"column":30}},"45":{"start":{"line":75,"column":6},"end":{"line":75,"column":17}},"46":{"start":{"line":80,"column":0},"end":{"line":229,"column":1}},"47":{"start":{"line":81,"column":2},"end":{"line":81,"column":13}},"48":{"start":{"line":82,"column":2},"end":{"line":82,"column":21}},"49":{"start":{"line":84,"column":2},"end":{"line":86,"column":3}},"50":{"start":{"line":85,"column":4},"end":{"line":85,"column":43}},"51":{"start":{"line":88,"column":2},"end":{"line":90,"column":3}},"52":{"start":{"line":89,"column":4},"end":{"line":89,"column":57}},"53":{"start":{"line":92,"column":2},"end":{"line":99,"column":3}},"54":{"start":{"line":93,"column":4},"end":{"line":98,"column":5}},"55":{"start":{"line":94,"column":6},"end":{"line":94,"column":23}},"56":{"start":{"line":96,"column":6},"end":{"line":96,"column":40}},"57":{"start":{"line":97,"column":6},"end":{"line":97,"column":21}},"58":{"start":{"line":101,"column":2},"end":{"line":103,"column":3}},"59":{"start":{"line":102,"column":4},"end":{"line":102,"column":18}},"60":{"start":{"line":105,"column":2},"end":{"line":175,"column":3}},"61":{"start":{"line":106,"column":4},"end":{"line":106,"column":34}},"62":{"start":{"line":108,"column":4},"end":{"line":110,"column":5}},"63":{"start":{"line":109,"column":6},"end":{"line":109,"column":21}},"64":{"start":{"line":112,"column":4},"end":{"line":174,"column":6}},"65":{"start":{"line":114,"column":8},"end":{"line":116,"column":10}},"66":{"start":{"line":115,"column":10},"end":{"line":115,"column":27}},"67":{"start":{"line":119,"column":8},"end":{"line":124,"column":10}},"68":{"start":{"line":127,"column":8},"end":{"line":134,"column":10}},"69":{"start":{"line":128,"column":10},"end":{"line":131,"column":11}},"70":{"start":{"line":129,"column":12},"end":{"line":129,"column":69}},"71":{"start":{"line":130,"column":12},"end":{"line":130,"column":27}},"72":{"start":{"line":133,"column":10},"end":{"line":133,"column":24}},"73":{"start":{"line":137,"column":8},"end":{"line":148,"column":9}},"74":{"start":{"line":138,"column":10},"end":{"line":145,"column":12}},"75":{"start":{"line":139,"column":12},"end":{"line":142,"column":13}},"76":{"start":{"line":140,"column":14},"end":{"line":140,"column":71}},"77":{"start":{"line":141,"column":14},"end":{"line":141,"column":29}},"78":{"start":{"line":144,"column":12},"end":{"line":144,"column":26}},"79":{"start":{"line":147,"column":10},"end":{"line":147,"column":24}},"80":{"start":{"line":151,"column":8},"end":{"line":164,"column":9}},"81":{"start":{"line":152,"column":10},"end":{"line":161,"column":11}},"82":{"start":{"line":153,"column":12},"end":{"line":160,"column":14}},"83":{"start":{"line":154,"column":14},"end":{"line":157,"column":15}},"84":{"start":{"line":155,"column":16},"end":{"line":155,"column":73}},"85":{"start":{"line":156,"column":16},"end":{"line":156,"column":31}},"86":{"start":{"line":159,"column":14},"end":{"line":159,"column":28}},"87":{"start":{"line":163,"column":10},"end":{"line":163,"column":24}},"88":{"start":{"line":167,"column":6},"end":{"line":169,"column":7}},"89":{"start":{"line":168,"column":8},"end":{"line":168,"column":23}},"90":{"start":{"line":170,"column":6},"end":{"line":172,"column":7}},"91":{"start":{"line":171,"column":8},"end":{"line":171,"column":21}},"92":{"start":{"line":173,"column":6},"end":{"line":173,"column":20}},"93":{"start":{"line":177,"column":2},"end":{"line":228,"column":3}},"94":{"start":{"line":178,"column":4},"end":{"line":227,"column":6}},"95":{"start":{"line":180,"column":8},"end":{"line":184,"column":10}},"96":{"start":{"line":181,"column":10},"end":{"line":181,"column":63}},"97":{"start":{"line":182,"column":10},"end":{"line":182,"column":44}},"98":{"start":{"line":183,"column":10},"end":{"line":183,"column":25}},"99":{"start":{"line":187,"column":8},"end":{"line":189,"column":10}},"100":{"start":{"line":188,"column":10},"end":{"line":188,"column":33}},"101":{"start":{"line":192,"column":8},"end":{"line":203,"column":12}},"102":{"start":{"line":194,"column":12},"end":{"line":194,"column":41}},"103":{"start":{"line":197,"column":12},"end":{"line":202,"column":13}},"104":{"start":{"line":204,"column":8},"end":{"line":204,"column":23}},"105":{"start":{"line":207,"column":6},"end":{"line":209,"column":7}},"106":{"start":{"line":208,"column":8},"end":{"line":208,"column":23}},"107":{"start":{"line":211,"column":6},"end":{"line":226,"column":8}},"108":{"start":{"line":212,"column":8},"end":{"line":219,"column":10}},"109":{"start":{"line":213,"column":10},"end":{"line":216,"column":11}},"110":{"start":{"line":214,"column":12},"end":{"line":214,"column":69}},"111":{"start":{"line":215,"column":12},"end":{"line":215,"column":27}},"112":{"start":{"line":217,"column":10},"end":{"line":217,"column":35}},"113":{"start":{"line":218,"column":10},"end":{"line":218,"column":20}},"114":{"start":{"line":221,"column":8},"end":{"line":223,"column":9}},"115":{"start":{"line":222,"column":10},"end":{"line":222,"column":42}},"116":{"start":{"line":225,"column":8},"end":{"line":225,"column":22}},"117":{"start":{"line":231,"column":0},"end":{"line":231,"column":10}}},"branchMap":{"1":{"line":18,"type":"if","locations":[{"start":{"line":18,"column":2},"end":{"line":18,"column":2}},{"start":{"line":18,"column":2},"end":{"line":18,"column":2}}]},"2":{"line":25,"type":"if","locations":[{"start":{"line":25,"column":2},"end":{"line":25,"column":2}},{"start":{"line":25,"column":2},"end":{"line":25,"column":2}}]},"3":{"line":53,"type":"if","locations":[{"start":{"line":53,"column":2},"end":{"line":53,"column":2}},{"start":{"line":53,"column":2},"end":{"line":53,"column":2}}]},"4":{"line":64,"type":"if","locations":[{"start":{"line":64,"column":4},"end":{"line":64,"column":4}},{"start":{"line":64,"column":4},"end":{"line":64,"column":4}}]},"5":{"line":69,"type":"if","locations":[{"start":{"line":69,"column":4},"end":{"line":69,"column":4}},{"start":{"line":69,"column":4},"end":{"line":69,"column":4}}]},"6":{"line":73,"type":"if","locations":[{"start":{"line":73,"column":6},"end":{"line":73,"column":6}},{"start":{"line":73,"column":6},"end":{"line":73,"column":6}}]},"7":{"line":84,"type":"if","locations":[{"start":{"line":84,"column":2},"end":{"line":84,"column":2}},{"start":{"line":84,"column":2},"end":{"line":84,"column":2}}]},"8":{"line":88,"type":"if","locations":[{"start":{"line":88,"column":2},"end":{"line":88,"column":2}},{"start":{"line":88,"column":2},"end":{"line":88,"column":2}}]},"9":{"line":92,"type":"if","locations":[{"start":{"line":92,"column":2},"end":{"line":92,"column":2}},{"start":{"line":92,"column":2},"end":{"line":92,"column":2}}]},"10":{"line":93,"type":"if","locations":[{"start":{"line":93,"column":4},"end":{"line":93,"column":4}},{"start":{"line":93,"column":4},"end":{"line":93,"column":4}}]},"11":{"line":101,"type":"if","locations":[{"start":{"line":101,"column":2},"end":{"line":101,"column":2}},{"start":{"line":101,"column":2},"end":{"line":101,"column":2}}]},"12":{"line":105,"type":"if","locations":[{"start":{"line":105,"column":2},"end":{"line":105,"column":2}},{"start":{"line":105,"column":2},"end":{"line":105,"column":2}}]},"13":{"line":108,"type":"if","locations":[{"start":{"line":108,"column":4},"end":{"line":108,"column":4}},{"start":{"line":108,"column":4},"end":{"line":108,"column":4}}]},"14":{"line":128,"type":"if","locations":[{"start":{"line":128,"column":10},"end":{"line":128,"column":10}},{"start":{"line":128,"column":10},"end":{"line":128,"column":10}}]},"15":{"line":128,"type":"binary-expr","locations":[{"start":{"line":128,"column":14},"end":{"line":128,"column":17}},{"start":{"line":128,"column":21},"end":{"line":128,"column":31}}]},"16":{"line":129,"type":"binary-expr","locations":[{"start":{"line":129,"column":41},"end":{"line":129,"column":44}},{"start":{"line":129,"column":48},"end":{"line":129,"column":58}}]},"17":{"line":137,"type":"if","locations":[{"start":{"line":137,"column":8},"end":{"line":137,"column":8}},{"start":{"line":137,"column":8},"end":{"line":137,"column":8}}]},"18":{"line":139,"type":"if","locations":[{"start":{"line":139,"column":12},"end":{"line":139,"column":12}},{"start":{"line":139,"column":12},"end":{"line":139,"column":12}}]},"19":{"line":139,"type":"binary-expr","locations":[{"start":{"line":139,"column":16},"end":{"line":139,"column":19}},{"start":{"line":139,"column":23},"end":{"line":139,"column":33}}]},"20":{"line":140,"type":"binary-expr","locations":[{"start":{"line":140,"column":43},"end":{"line":140,"column":46}},{"start":{"line":140,"column":50},"end":{"line":140,"column":60}}]},"21":{"line":151,"type":"if","locations":[{"start":{"line":151,"column":8},"end":{"line":151,"column":8}},{"start":{"line":151,"column":8},"end":{"line":151,"column":8}}]},"22":{"line":154,"type":"if","locations":[{"start":{"line":154,"column":14},"end":{"line":154,"column":14}},{"start":{"line":154,"column":14},"end":{"line":154,"column":14}}]},"23":{"line":154,"type":"binary-expr","locations":[{"start":{"line":154,"column":18},"end":{"line":154,"column":21}},{"start":{"line":154,"column":25},"end":{"line":154,"column":35}}]},"24":{"line":155,"type":"binary-expr","locations":[{"start":{"line":155,"column":45},"end":{"line":155,"column":48}},{"start":{"line":155,"column":52},"end":{"line":155,"column":62}}]},"25":{"line":167,"type":"if","locations":[{"start":{"line":167,"column":6},"end":{"line":167,"column":6}},{"start":{"line":167,"column":6},"end":{"line":167,"column":6}}]},"26":{"line":170,"type":"if","locations":[{"start":{"line":170,"column":6},"end":{"line":170,"column":6}},{"start":{"line":170,"column":6},"end":{"line":170,"column":6}}]},"27":{"line":177,"type":"if","locations":[{"start":{"line":177,"column":2},"end":{"line":177,"column":2}},{"start":{"line":177,"column":2},"end":{"line":177,"column":2}}]},"28":{"line":181,"type":"cond-expr","locations":[{"start":{"line":181,"column":50},"end":{"line":181,"column":56}},{"start":{"line":181,"column":59},"end":{"line":181,"column":63}}]},"29":{"line":207,"type":"if","locations":[{"start":{"line":207,"column":6},"end":{"line":207,"column":6}},{"start":{"line":207,"column":6},"end":{"line":207,"column":6}}]},"30":{"line":213,"type":"if","locations":[{"start":{"line":213,"column":10},"end":{"line":213,"column":10}},{"start":{"line":213,"column":10},"end":{"line":213,"column":10}}]},"31":{"line":213,"type":"binary-expr","locations":[{"start":{"line":213,"column":14},"end":{"line":213,"column":17}},{"start":{"line":213,"column":21},"end":{"line":213,"column":31}}]},"32":{"line":214,"type":"binary-expr","locations":[{"start":{"line":214,"column":41},"end":{"line":214,"column":44}},{"start":{"line":214,"column":48},"end":{"line":214,"column":58}}]},"33":{"line":221,"type":"if","locations":[{"start":{"line":221,"column":8},"end":{"line":221,"column":8}},{"start":{"line":221,"column":8},"end":{"line":221,"column":8}}]},"34":{"line":221,"type":"binary-expr","locations":[{"start":{"line":221,"column":12},"end":{"line":221,"column":20}},{"start":{"line":221,"column":24},"end":{"line":221,"column":40}}]}},"code":["//#!/usr/bin/env node","","var app = require('commander')","var async = require('async')","var stdin = require('get-stdin')","var trunc = require('lodash.trunc')","var moment = require('moment')","var opn = require('opn')","var api = require('./lib/api')","var getInbox = require('./lib/get-inbox')","var Configstore = require('configstore')","var conf = new Configstore('wunderline', {platform: 'web'})","var auth = require('./lib/auth')","","function openTask (task) {","  var web = 'https://www.wunderlist.com/#/tasks/' + task.id","  var mac = 'wunderlist://tasks/' + task.id","  if (conf.get('platform') === 'mac') return opn(mac)","  opn(web)","}","","function openList (list) {","  var web = 'https://www.wunderlist.com/#/lists/' + list.id","  var mac = 'wunderlist://lists/' + list.id","  if (conf.get('platform') === 'mac') return opn(mac)","  opn(web)","}","","app","  .description('Add a task to your inbox')","  .usage('[task]')","  .option('-l, --list [name]', 'Specify a list other than your inbox')","  .option('--starred', 'Set the new task as starred')","  .option('--today', 'Set the due date to today')","  .option('--tomorrow', 'Set the due date to tomorrow')","  .option('--due [date]', 'Set a specific due date')","  .option('--note [note]', 'Attach a note to the new task')","  .option('--subtask [task]', 'Add a subtask to the new task', collect, [])","  .option('-o, --open', 'Open Wunderlist on completion')","  .option('-s, --stdin', 'Create tasks from stdin')","  .parse(process.argv)","","function truncateTitle (title) {","  return trunc(title.trim(), 254)","}","","function collect (value, memo) {","  memo.push(value)","  return memo","}","","function getListId (cb) {","  if (!app.list) {","    return getInbox(function (inbox) {","      cb(inbox.id)","    })","  }","","  var list = {","    title: app.list.trim()","  }","","  api('/lists', function (err, res, body) {","    if (err) process.exit(1)","","    var existing = body.filter(function (item) {","      return item.title.toLowerCase().trim() === list.title.toLowerCase()","    })","    if (existing.length > 0) {","      return cb(existing[0].id)","    }","    api.post({url: '/lists', body: list}, function (err, res, body) {","      if (err) process.exit(1)","","      cb(body.id)","    })","  })","}","","function main () {","  var dueDate","  var starred = false","","  if (app.today) {","    dueDate = moment().format('YYYY-MM-DD')","  }","","  if (app.tomorrow) {","    dueDate = moment().add(1, 'day').format('YYYY-MM-DD')","  }","","  if (app.due) {","    if (/\\d{4}\\-\\d{2}\\-\\d{2}/.test(app.due)) {","      dueDate = app.due","    } else {","      console.error('Invalid due date!')","      process.exit(1)","    }","  }","","  if (app.starred) {","    starred = true","  }","","  if (typeof app.stdin === 'undefined') {","    var title = app.args.join(' ')","","    if (!title) {","      process.exit(1)","    }","","    async.waterfall([","      function (cb) {","        getListId(function (inboxId) {","          cb(null, inboxId)","        })","      },","      function (inboxId, cb) {","        cb(null, {","          title: truncateTitle(title),","          list_id: inboxId,","          due_date: dueDate,","          starred: starred","        })","      },","      function (task, cb) {","        api.post({url: '/tasks', body: task}, function (err, res, body) {","          if (err || body.error) {","            console.error(JSON.stringify(err || body.error, null, 2))","            process.exit(1)","          }","","          cb(null, body)","        })","      },","      function (task, cb) {","        if (app.note) {","          api.post({url: '/notes', body: { task_id: task.id, content: app.note }}, function (err, res, body) {","            if (err || body.error) {","              console.error(JSON.stringify(err || body.error, null, 2))","              process.exit(1)","            }","","            cb(null, task)","          })","        } else {","          cb(null, task)","        }","      },","      function (task, cb) {","        if (app.subtask) {","          for (var i = app.subtask.length - 1; i >= 0; i--) {","            api.post({url: '/subtasks', body: { task_id: task.id, title: app.subtask[i], completed: false }}, function (err, res, body) {","              if (err || body.error) {","                console.error(JSON.stringify(err || body.error, null, 2))","                process.exit(1)","              }","","              cb(null, task)","            })","          }","        } else {","          cb(null, task)","        }","      }","    ], function (err, res) {","      if (err) {","        process.exit(1)","      }","      if (app.open) {","        openTask(res)","      }","      process.exit()","    })","  }","","  if (app.stdin === true) {","    async.waterfall([","      function (cb) {","        stdin().then((data) => {","          var sep = data.indexOf('\\r\\n') !== -1 ? '\\r\\n' : '\\n'","          var lines = data.trim().split(sep)","          cb(null, lines)","        })","      },","      function (lines, cb) {","        getListId(function (listId) {","          cb(null, listId, lines)","        })","      },","      function (listId, lines, cb) {","        var tasks = lines","          .filter(function (line) {","            return line.trim().length > 0","          })","          .map(function (line) {","            return {","              title: truncateTitle(line),","              due_date: dueDate,","              list_id: listId,","              starred: starred","            }","          })","        cb(null, tasks)","      }","    ], function (err, tasks) {","      if (err) {","        process.exit(1)","      }","","      async.each(tasks, function (task, finished) {","        api.post({url: '/tasks', body: task}, function (err, res, body) {","          if (err || body.error) {","            console.error(JSON.stringify(err || body.error, null, 2))","            process.exit(1)","          }","          process.stderr.write('.')","          finished()","        })","      }, function () {","        if (app.open && tasks.length > 0) {","          openList({id: tasks[0].list_id})","        }","","        process.exit()","      })","    })","  }","}","","auth(main)",""],"l":{"3":1,"4":1,"5":1,"6":1,"7":1,"8":1,"9":1,"10":1,"11":1,"12":1,"13":1,"15":1,"16":0,"17":0,"18":0,"19":0,"22":1,"23":0,"24":0,"25":0,"26":0,"29":1,"43":1,"44":0,"47":1,"48":0,"49":0,"52":1,"53":0,"54":0,"55":0,"59":0,"63":0,"64":0,"66":0,"67":0,"69":0,"70":0,"72":0,"73":0,"75":0,"80":1,"81":0,"82":0,"84":0,"85":0,"88":0,"89":0,"92":0,"93":0,"94":0,"96":0,"97":0,"101":0,"102":0,"105":0,"106":0,"108":0,"109":0,"112":0,"114":0,"115":0,"119":0,"127":0,"128":0,"129":0,"130":0,"133":0,"137":0,"138":0,"139":0,"140":0,"141":0,"144":0,"147":0,"151":0,"152":0,"153":0,"154":0,"155":0,"156":0,"159":0,"163":0,"167":0,"168":0,"170":0,"171":0,"173":0,"177":0,"178":0,"180":0,"181":0,"182":0,"183":0,"187":0,"188":0,"192":0,"194":0,"197":0,"204":0,"207":0,"208":0,"211":0,"212":0,"213":0,"214":0,"215":0,"217":0,"218":0,"221":0,"222":0,"225":0,"231":1}},"/home/travis/build/npmtest/node-npmtest-wunderline/node_modules/wunderline/lib/api.js":{"path":"/home/travis/build/npmtest/node-npmtest-wunderline/node_modules/wunderline/lib/api.js","s":{"1":1,"2":1,"3":1,"4":1},"b":{},"f":{},"fnMap":{},"statementMap":{"1":{"start":{"line":1,"column":0},"end":{"line":1,"column":32}},"2":{"start":{"line":2,"column":0},"end":{"line":2,"column":40}},"3":{"start":{"line":3,"column":0},"end":{"line":3,"column":40}},"4":{"start":{"line":5,"column":0},"end":{"line":13,"column":2}}},"branchMap":{},"code":["var request = require('request')","var Configstore = require('configstore')","var conf = new Configstore('wunderline')","","module.exports = request.defaults({","  method: 'get',","  json: true,","  baseUrl: 'https://a.wunderlist.com/api/v1',","  headers: {","    'X-Access-Token': conf.get('access_token'),","    'X-Client-ID': conf.get('client_id')","  }","})",""],"l":{"1":1,"2":1,"3":1,"5":1}},"/home/travis/build/npmtest/node-npmtest-wunderline/node_modules/wunderline/lib/get-inbox.js":{"path":"/home/travis/build/npmtest/node-npmtest-wunderline/node_modules/wunderline/lib/get-inbox.js","s":{"1":1,"2":1,"3":1,"4":1,"5":1,"6":1,"7":1,"8":1,"9":1,"10":0,"11":0,"12":0,"13":0,"14":0,"15":0,"16":0,"17":0,"18":0,"19":0,"20":0,"21":0,"22":0,"23":0,"24":0},"b":{"1":[0,0],"2":[0,0],"3":[0,0],"4":[0,0],"5":[0,0],"6":[0,0]},"f":{"1":0,"2":0,"3":0,"4":0},"fnMap":{"1":{"name":"getInbox","line":14,"loc":{"start":{"line":14,"column":17},"end":{"line":14,"column":40}}},"2":{"name":"(anonymous_2)","line":19,"loc":{"start":{"line":19,"column":16},"end":{"line":19,"column":42}}},"3":{"name":"(anonymous_3)","line":29,"loc":{"start":{"line":29,"column":28},"end":{"line":29,"column":44}}},"4":{"name":"(anonymous_4)","line":37,"loc":{"start":{"line":37,"column":51},"end":{"line":37,"column":66}}}},"statementMap":{"1":{"start":{"line":1,"column":0},"end":{"line":1,"column":26}},"2":{"start":{"line":2,"column":0},"end":{"line":2,"column":22}},"3":{"start":{"line":3,"column":0},"end":{"line":3,"column":26}},"4":{"start":{"line":4,"column":0},"end":{"line":4,"column":67}},"5":{"start":{"line":5,"column":0},"end":{"line":5,"column":32}},"6":{"start":{"l
[...]
"column":13},"end":{"line":15,"column":28}},"11":{"start":{"line":17,"column":4},"end":{"line":17,"column":24}},"12":{"start":{"line":19,"column":4},"end":{"line":26,"column":6}},"13":{"start":{"line":20,"column":6},"end":{"line":23,"column":8}},"14":{"start":{"line":21,"column":8},"end":{"line":21,"column":40}},"15":{"start":{"line":21,"column":28},"end":{"line":21,"column":40}},"16":{"start":{"line":22,"column":8},"end":{"line":22,"column":59}},"17":{"start":{"line":25,"column":6},"end":{"line":25,"column":21}},"18":{"start":{"line":30,"column":0},"end":{"line":30,"column":10}}},"branchMap":{"1":{"line":15,"type":"if","locations":[{"start":{"line":15,"column":4},"end":{"line":15,"column":4}},{"start":{"line":15,"column":4},"end":{"line":15,"column":4}}]},"2":{"line":21,"type":"if","locations":[{"start":{"line":21,"column":8},"end":{"line":21,"column":8}},{"start":{"line":21,"column":8},"end":{"line":21,"column":8}}]}},"code":["//#!/usr/bin/env node","","var app = require('commander')","var moment = require('moment')","var getLists = require('./lib/get-lists')","var printList = require('./lib/print-list')","var auth = require('./lib/auth')","","app","  .description('View overdue tasks')","  .parse(process.argv)","","function main () {","  getLists(function (err, data) {","    if (err) process.exit(1)","","    var today = moment()","","    data.forEach(function (list) {","      list.tasks = list.tasks.filter(function (item) {","        if (!item.due_date) return false","        return moment(item.due_date).isBefore(today, 'day')","      })","","      printList(list)","    })","  })","}","","auth(main)",""],"l":{"3":1,"4":1,"5":1,"6":1,"7":1,"9":1,"13":1,"14":0,"15":0,"17":0,"19":0,"20":0,"21":0,"22":0,"25":0,"30":1}},"/home/travis/build/npmtest/node-npmtest-wunderline/node_modules/wunderline/wunderline-search.js":{"path":"/home/travis/build/npmtest/node-npmtest-wunderline/node_modules/wunderline/wunderline-search.js","s":{"1":1,"2":1,"3":1,"4":1,"5":1,"6":1,"7":1,"8":0,"9":0,"10":0,"11":0,"12":0,"13":0,"14":0,"15":0,"16":0,"17":0,"18":0,"19":0,"20":0,"21":0,"22":1},"b":{"1":[0,0],"2":[0,0],"3":[0,0]},"f":{"1":0,"2":0,"3":0,"4":0,"5":0},"fnMap":{"1":{"name":"main","line":14,"loc":{"start":{"line":14,"column":0},"end":{"line":14,"column":17}}},"2":{"name":"(anonymous_2)","line":21,"loc":{"start":{"line":21,"column":11},"end":{"line":21,"column":32}}},"3":{"name":"(anonymous_3)","line":24,"loc":{"start":{"line":24,"column":17},"end":{"line":24,"column":33}}},"4":{"name":"(anonymous_4)","line":25,"loc":{"start":{"line":25,"column":37},"end":{"line":25,"column":53}}},"5":{"name":"(anonymous_5)","line":27,"loc":{"start":{"line":27,"column":22},"end":{"line":27,"column":38}}}},"statementMap":{"1":{"start":{"line":3,"column":0},"end":{"line":3,"column":30}},"2":{"start":{"line":4,"column":0},"end":{"line":4,"column":40}},"3":{"start":{"line":5,"column":0},"end":{"line":5,"column":41}},"4":{"start":{"line":6,"column":0},"end":{"line":6,"column":43}},"5":{"start":{"line":7,"column":0},"end":{"line":7,"column":32}},"6":{"start":{"line":9,"column":0},"end":{"line":12,"column":22}},"7":{"start":{"line":14,"column":0},"end":{"line":38,"column":1}},"8":{"start":{"line":15,"column":2},"end":{"line":15,"column":22}},"9":{"start":{"line":17,"column":2},"end":{"line":19,"column":3}},"10":{"start":{"line":18,"column":4},"end":{"line":18,"column":18}},"11":{"start":{"line":21,"column":2},"end":{"line":37,"column":4}},"12":{"start":{"line":22,"column":4},"end":{"line":22,"column":28}},"13":{"start":{"line":22,"column":13},"end":{"line":22,"column":28}},"14":{"start":{"line":24,"column":4},"end":{"line":36,"column":6}},"15":{"start":{"line":25,"column":6},"end":{"line":33,"column":8}},"16":{"start":{"line":26,"column":8},"end":{"line":26,"column":25}},"17":{"start":{"line":27,"column":8},"end":{"line":31,"column":10}},"18":{"start":{"line":28,"column":10},"end":{"line":30,"column":11}},"19":{"start":{"line":29,"column":12},"end":{"line":29,"column":24}},"20":{"start":{"line":32,"column":8},"end":{"line":32,"column":20}},"21":{"start":{"line":35,"column":6},"end":{"line":35,"column":21}},"22":{"start":{"line":40,"column":0},"end":{"line":40,"column":10}}},"branchMap":{"1":{"line":17,"type":"if","locations":[{"start":{"line":17,"column":2},"end":{"line":17,"column":2}},{"start":{"line":17,"column":2},"end":{"line":17,"column":2}}]},"2":{"line":22,"type":"if","locations":[{"start":{"line":22,"column":4},"end":{"line":22,"column":4}},{"start":{"line":22,"column":4},"end":{"line":22,"column":4}}]},"3":{"line":28,"type":"if","locations":[{"start":{"line":28,"column":10},"end":{"line":28,"column":10}},{"start":{"line":28,"column":10},"end":{"line":28,"column":10}}]}},"code":["//#!/usr/bin/env node","","var app = require('commander')","var fuzzysearch = require('fuzzysearch')","var getLists = require('./lib/get-lists')","var printList = require('./lib/print-list')","var auth = require('./lib/auth')","","app","  .description('Search tasks')","  .usage('[query]')","  .parse(process.argv)","","function main () {","  var terms = app.args","","  if (terms.length < 1) {","    process.exit()","  }","","  getLists(function (err, data) {","    if (err) process.exit(1)","","    data.forEach(function (list) {","      list.tasks = list.tasks.filter(function (item) {","        var found = false","        terms.forEach(function (term) {","          if (fuzzysearch(term.toLowerCase(), item.title.toLowerCase())) {","            found = true","          }","        })","        return found","      })","","      printList(list)","    })","  })","}","","auth(main)",""],"l":{"3":1,"4":1,"5":1,"6":1,"7":1,"9":1,"14":1,"15":0,"17":0,"18":0,"21":0,"22":0,"24":0,"25":0,"26":0,"27":0,"28":0,"29":0,"32":0,"35":0,"40":1}},"/home/travis/build/npmtest/node-npmtest-wunderline/node_modules/wunderline/wunderline-set-platform.js":{"path":"/home/travis/build/npmtest/node-npmtest-wunderline/node_modules/wunderline/wunderline-set-platform.js","s":{"1":1,"2":1,"3":1,"4":1,"5":1,"6":1,"7":1,"8":1,"9":1,"10":1,"11":1},"b":{"1":[1,0],"2":[1,0],"3":[1,1]},"f":{},"fnMap":{},"statementMap":{"1":{"start":{"line":3,"column":0},"end":{"line":3,"column":30}},"2":{"start":{"line":4,"column":0},"end":{"line":4,"column":40}},"3":{"start":{"line":5,"column":0},"end":{"line":5,"column":40}},"4":{"start":{"line":7,"column":0},"end":{"line":10,"column":22}},"5":{"start":{"line":12,"column":0},"end":{"line":14,"column":1}},"6":{"start":{"line":13,"column":2},"end":{"line":13,"column":16}},"7":{"start":{"line":16,"column":0},"end":{"line":16,"column":26}},"8":{"start":{"line":18,"column":0},"end":{"line":21,"column":1}},"9":{"start":{"line":19,"column":2},"end":{"line":19,"column":33}},"10":{"start":{"line":20,"column":2},"end":{"line":20,"column":16}},"11":{"start":{"line":23,"column":0},"end":{"line":23,"column":30}}},"branchMap":{"1":{"line":12,"type":"if","locations":[{"start":{"line":12,"column":0},"end":{"line":12,"column":0}},{"start":{"line":12,"column":0},"end":{"line":12,"column":0}}]},"2":{"line":18,"type":"if","locations":[{"start":{"line":18,"column":0},"end":{"line":18,"column":0}},{"start":{"line":18,"column":0},"end":{"line":18,"column":0}}]},"3":{"line":18,"type":"binary-expr","locations":[{"start":{"line":18,"column":4},"end":{"line":18,"column":22}},{"start":{"line":18,"column":26},"end":{"line":18,"column":44}}]}},"code":["//#!/usr/bin/env node","","var app = require('commander')","var Configstore = require('configstore')","var conf = new Configstore('wunderline')","","app","  .description('Set your preferred application platform')","  .usage('[platform]')","  .parse(process.argv)","","if (app.args.length === 0) {","  process.exit()","}","","var platform = app.args[0]","","if (platform !== 'web' && platform !== 'mac') {","  console.log('Invalid platform')","  process.exit()","}","","conf.set('platform', platform)",""],"l":{"3":1,"4":1,"5":1,"7":1,"12":1,"13":1,"16":1,"18":1,"19":1,"20":1,"23":1}},"/home/travis/build/npmtest/node-npmtest-wunderline/node_modules/wunderline/wunderline-starred.js":{"path":"/home/travis/build/npmtest/node-npmtest-wunderline/node_modules/wunderline/wunderline-starred.js","s":{"1":1,"2":1,"3":1,"4":1,"5":1,"6":1,"7":0,"8":0,"9":0,"10":0,"11":0,"12":0,"13":0,"14":1},"b":{"1":[0,0]},"f":{"1":0,"2":0,"3":0,"4":0},"fnMap":{"1":{"name":"main","line":12,"loc":{"start":{"line":12,"column":0},"end":{"line":12,"column":17}}},"2":{"name":"(anonymous_2)","line":13,"loc":{"start":{"line":13,"column":11},"end":{"line":13,"column":32}}},"3":{"name":"(anonymous_3)","line":16,"loc":{"start":{"line":16,"column":17},"end":{"line":16,"column":33}}},"4":{"name":"(anonymous_4)","line":17,"loc":{"start":{"line":17,"column":37},"end":{"line":17,"column":53}}}},"statementMap":{"1":{"start":{"line":3,"column":0},"end":{"line":3,"column":30}},"2":{"start":{"line":4,"column":0},"end":{"line":4,"column":41}},"3":{"start":{"line":5,"column":0},"end":{"line":5,"column":43}},"4":{"start":{"line":6,"column":0},"end":{"line":6,"column":32}},"5":{"start":{"line":8,"column":0},"end":{"line":10,"column":22}},"6":{"start":{"line":12,"column":0},"end":{"line":23,"column":1}},"7":{"start":{"line":13,"column":2},"end":{"line":22,"column":4}},"8":{"start":{"line":14,"column":4},"end":{"line":14,"column":28}},"9":{"start":{"line":14,"column":13},"end":{"line":14,"column":28}},"10":{"start":{"line":16,"column":4},"end":{"line":21,"column":6}},"11":{"start":{"line":17,"column":6},"end":{"line":19,"column":8}},"12":{"start":{"line":18,"column":8},"end":{"line":18,"column":27}},"13":{"start":{"line":20,"column":6},"end":{"line":20,"column":21}},"14":{"start":{"line":25,"column":0},"end":{"line":25,"column":10}}},"branchMap":{"1":{"line":14,"type":"if","locations":[{"start":{"line":14,"column":4},"end":{"line":14,"column":4}},{"start":{"line":14,"column":4},"end":{"line":14,"column":4}}]}},"code":["//#!/usr/bin/env node","","var app = require('commander')","var getLists = require('./lib/get-lists')","var printList = require('./lib/print-list')","var auth = require('./lib/auth')","","app","  .description('View starred tasks')","  .parse(process.argv)","","function main () {","  getLists(function (err, data) {","    if (err) process.exit(1)","","    data.forEach(function (list) {","      list.tasks = list.tasks.filter(function (item) {","        return item.starred","      })","      printList(list)","    })","  })","}","","auth(main)",""],"l":{"3":1,"4":1,"5":1,"6":1,"8":1,"12":1,"13":0,"14":0,"16":0,"17":0,"18":0,"20":0,"25":1}},"/home/travis/build/npmtest/node-npmtest-wunderline/node_modules/wunderline/wunderline-today.js":{"path":"/home/travis/build/npmtest/node-npmtest-wunderline/node_modules/wunderline/wunderline-today.js","s":{"1":1,"2":1,"3":1,"4":1,"5":1,"6":1,"7":0,"8":0,"9":0,"10":0,"11":0,"12":0,"13":0,"14":0,"15":0,"16":0,"17":0,"18":1},"b":{"1":[0,0],"2":[0,0]},"f":{"1":0,"2":0,"3":0,"4":0},"fnMap":{"1":{"name":"main","line":12,"loc":{"start":{"line":12,"column":0},"end":{"line":12,"column":17}}},"2":{"name":"(anonymous_2)","line":13,"loc":{"start":{"line":13,"column":11},"end":{"line":13,"column":32}}},"3":{"name":"(anonymous_3)","line":18,"loc":{"start":{"line":18,"column":17},"end":{"line":18,"column":33}}},"4":{"name":"(anonymous_4)","line":19,"loc":{"start":{"line":19,"column":37},"end":{"line":19,"column":53}}}},"statementMap":{"1":{"start":{"line":3,"column":0},"end":{"line":3,"column":30}},"2":{"start":{"line":4,"column":0},"end":{"line":4,"column":41}},"3":{"start":{"line":5,"column":0},"end":{"line":5,"column":43}},"4":{"start":{"line":6,"column":0},"end":{"line":6,"column":32}},"5":{"start":{"line":8,"column":0},"end":{"line":10,"column":22}},"6":{"start":{"line":12,"column":0},"end":{"line":28,"column":1}},"7":{"start":{"line":13,"column":2},"end":{"line":27,"column":4}},"8":{"start":{"line":14,"column":4},"end":{"line":14,"column":28}},"9":{"start":{"line":14,"column":13},"end":{"line":14,"column":28}},"10":{"start":{"line":16,"column":4},"end":{"line":16,"column":26}},"11":{"start":{"line":18,"column":4},"end":{"line":26,"column":6}},"12":{"start":{"line":19,"column":6},"end":{"line":23,"column":8}},"13":{"start":{"line":20,"column":8},"end":{"line":20,"column":40}},"14":{"start":{"line":20,"column":28},"end":{"line":20,"column":40}},"15":{"start":{"line":21,"column":8},"end":{"line":21,"column":41}},"16":{"start":{"line":22,"column":8},"end":{"line":22,"column":47}},"17":{"start":{"line":25,"column":6},"end":{"line":25,"column":21}},"18":{"start":{"line":30,"column":0},"end":{"line":30,"column":10}}},"branchMap":{"1":{"line":14,"type":"if","locations":[{"start":{"line":14,"column":4},"end":{"line":14,"column":4}},{"start":{"line":14,"column":4},"end":{"line":14,"column":4}}]},"2":{"line":20,"type":"if","locations":[{"start":{"line":20,"column":8},"end":{"line":20,"column":8}},{"start":{"line":20,"column":8},"end":{"line":20,"column":8}}]}},"code":["//#!/usr/bin/env node","","var app = require('commander')","var getLists = require('./lib/get-lists')","var printList = require('./lib/print-list')","var auth = require('./lib/auth')","","app","  .description('View tasks due today')","  .parse(process.argv)","","function main () {","  getLists(function (err, data) {","    if (err) process.exit(1)","","    var today = new Date()","","    data.forEach(function (list) {","      list.tasks = list.tasks.filter(function (item) {","        if (!item.due_date) return false","        var due = new Date(item.due_date)","        return due.getTime() <= today.getTime()","      })","","      printList(list)","    })","  })","}","","auth(main)",""],"l":{"3":1,"4":1,"5":1,"6":1,"8":1,"12":1,"13":0,"14":0,"16":0,"18":0,"19":0,"20":0,"21":0,"22":0,"25":0,"30":1}},"/home/travis/build/npmtest/node-npmtest-wunderline/node_modules/wunderline/wunderline-week.js":{"path":"/home/travis/build/npmtest/node-npmtest-wunderline/node_modules/wunderline/wunderline-week.js","s":{"1":1,"2":1,"3":1,"4":1,"5":1,"6":1,"7":1,"8":0,"9":0,"10":0,"11":0,"12":0,"13":0,"14":0,"15":0,"16":0,"17":0,"18":1},"b":{"1":[0,0],"2":[0,0]},"f":{"1":0,"2":0,"3":0,"4":0},"fnMap":{"1":{"name":"main","line":13,"loc":{"start":{"line":13,"column":0},"end":{"line":13,"column":17}}},"2":{"name":"(anonymous_2)","line":14,"loc":{"start":{"line":14,"column":11},"end":{"line":14,"column":32}}},"3":{"name":"(anonymous_3)","line":19,"loc":{"start":{"line":19,"column":17},"end":{"line":19,"column":33}}},"4":{"name":"(anonymous_4)","line":20,"loc":{"start":{"line":20,"column":37},"end":{"line":20,"column":53}}}},"statementMap":{"1":{"start":{"line":3,"column":0},"end":{"line":3,"column":30}},"2":{"start":{"line":4,"column":0},"end":{"line":4,"column":30}},"3":{"start":{"line":5,"column":0},"end":{"line":5,"column":41}},"4":{"start":{"line":6,"column":0},"end":{"line":6,"column":43}},"5":{"start":{"line":7,"column":0},"end":{"line":7,"column":32}},"6":{"start":{"line":9,"column":0},"end":{"line":11,"column":22}},"7":{"start":{"line":13,"column":0},"end":{"line":28,"column":1}},"8":{"start":{"line":14,"column":2},"end":{"line":27,"column":4}},"9":{"start":{"line":15,"column":4},"end":{"line":15,"column":28}},"10":{"start":{"line":15,"column":13},"end":{"line":15,"column":28}},"11":{"start":{"line":17,"column":4},"end":{"line":17,"column":41}},"12":{"start":{"line":19,"column":4},"end":{"line":26,"column":6}},"13":{"start":{"line":20,"column":6},"end":{"line":23,"column":8}},"14":{"start":{"line":21,"column":8},"end":{"line":21,"column":40}},"15":{"start":{"line":21,"column":28},"end":{"line":21,"column":40}},"16":{"start":{"line":22,"column":8},"end":{"line":22,"column":63}},"17":{"start":{"line":25,"column":6},"end":{"line":25,"column":21}},"18":{"start":{"line":30,"column":0},"end":{"line":30,"column":10}}},"branchMap":{"1":{"line":15,"type":"if","locations":[{"start":{"line":15,"column":4},"end":{"line":15,"column":4}},{"start":{"line":15,"column":4},"end":{"line":15,"column":4}}]},"2":{"line":21,"type":"if","locations":[{"start":{"line":21,"column":8},"end":{"line":21,"column":8}},{"start":{"line":21,"column":8},"end":{"line":21,"column":8}}]}},"code":["//#!/usr/bin/env node","","var app = require('commander')","var moment = require('moment')","var getLists = require('./lib/get-lists')","var printList = require('./lib/print-list')","var auth = require('./lib/auth')","","app","  .description('View tasks due this week')","  .parse(process.argv)","","function main () {","  getLists(function (err, data) {","    if (err) process.exit(1)","","    var week = moment().format('ww-YYYY')","","    data.forEach(function (list) {","      list.tasks = list.tasks.filter(function (item) {","        if (!item.due_date) return false","        return moment(item.due_date).format('ww-YYYY') === week","      })","","      printList(list)","    })","  })","}","","auth(main)",""],"l":{"3":1,"4":1,"5":1,"6":1,"7":1,"9":1,"13":1,"14":0,"15":0,"17":0,"19":0,"20":0,"21":0,"22":0,"25":0,"30":1}},"/home/travis/build/npmtest/node-npmtest-wunderline/node_modules/wunderline/wunderline-whoami.js":{"path":"/home/travis/build/npmtest/node-npmtest-wunderline/node_modules/wunderline/wunderline-whoami.js","s":{"1":1,"2":1,"3":1,"4":1,"5":1,"6":1,"7":1,"8":1,"9":0,"10":0,"11":0,"12":0,"13":0,"14":0,"15":0,"16":1},"b":{"1":[0,0],"2":[0,0],"3":[0,0]},"f":{"1":0,"2":0},"fnMap":{"1":{"name":"main","line":14,"loc":{"start":{"line":14,"column":0},"end":{"line":14,"column":17}}},"2":{"name":"(anonymous_2)","line":15,"loc":{"start":{"line":15,"column":15},"end":{"line":15,"column":41}}}},"statementMap":{"1":{"start":{"line":3,"column":0},"end":{"line":3,"column":30}},"2":{"start":{"line":4,"column":0},"end":{"line":4,"column":30}},"3":{"start":{"line":5,"column":0},"end":{"line":5,"column":32}},"4":{"start":{"line":6,"column":0},"end":{"line":6,"column":40}},"5":{"start":{"line":7,"column":0},"end":{"line":7,"column":40}},"6":{"start":{"line":8,"column":0},"end":{"line":8,"column":28}},"7":{"start":{"line":10,"column":0},"end":{"line":12,"column":22}},"8":{"start":{"line":14,"column":0},"end":{"line":24,"column":1}},"9":{"start":{"line":15,"column":2},"end":{"line":23,"column":4}},"10":{"start":{"line":16,"column":4},"end":{"line":19,"column":5}},"11":{"start":{"line":17,"column":6},"end":{"line":17,"column":63}},"12":{"start":{"line":18,"column":6},"end":{"line":18,"column":21}},"13":{"start":{"line":20,"column":4},"end":{"line":20,"column":52}},"14":{"start":{"line":21,"column":4},"end":{"line":21,"column":78}},"15":{"start":{"line":22,"column":4},"end":{"line":22,"column":18}},"16":{"start":{"line":26,"column":0},"end":{"line":26,"column":10}}},"branchMap":{"1":{"line":16,"type":"if","locations":[{"start":{"line":16,"column":4},"end":{"line":16,"column":4}},{"start":{"line":16,"column":4},"end":{"line":16,"column":4}}]},"2":{"line":16,"type":"binary-expr","locations":[{"start":{"line":16,"column":8},"end":{"line":16,"column":11}},{"start":{"line":16,"column":15},"end":{"line":16,"column":25}}]},"3":{"line":17,"type":"binary-expr","locations":[{"start":{"line":17,"column":35},"end":{"line":17,"column":38}},{"start":{"line":17,"column":42},"end":{"line":17,"column":52}}]}},"code":["//#!/usr/bin/env node","","var app = require('commander')","var api = require('./lib/api')","var auth = require('./lib/auth')","var Configstore = require('configstore')","var conf = new Configstore('wunderline')","var chalk = require('chalk')","","app","  .description('Display effective user')","  .parse(process.argv)","","function main () {","  api('/user', function (err, res, body) {","    if (err || body.error) {","      console.error(JSON.stringify(err || body.error, null, 2))","      process.exit(1)","    }","    console.log(body.name + ' <' + body.email + '>')","    console.log(chalk.dim('Authenticated at ' + conf.get('authenticated_at')))","    process.exit()","  })","}","","auth(main)",""],"l":{"3":1,"4":1,"5":1,"6":1,"7":1,"8":1,"10":1,"14":1,"15":0,"16":0,"17":0,"18":0,"20":0,"21":0,"22":0,"26":1}}}